#
# There is insufficient memory for the Java Runtime Environment to continue.
# Native memory allocation (malloc) failed to allocate 203056 bytes for Chunk::new
# Possible reasons:
#   The system is out of physical RAM or swap space
#   In 32 bit mode, the process size limit was hit
# Possible solutions:
#   Reduce memory load on the system
#   Increase physical memory or swap space
#   Check if swap backing store is full
#   Use 64 bit Java on a 64 bit OS
#   Decrease Java heap size (-Xmx/-Xms)
#   Decrease number of Java threads
#   Decrease Java thread stack sizes (-Xss)
#   Set larger code cache with -XX:ReservedCodeCacheSize=
# This output file may be truncated or incomplete.
#
#  Out of Memory Error (allocation.cpp:388), pid=8024, tid=2644
#
# JRE version: Java(TM) SE Runtime Environment (8.0_05-b13) (build 1.8.0_05-b13)
# Java VM: Java HotSpot(TM) 64-Bit Server VM (25.5-b02 mixed mode windows-amd64 compressed oops)
# Failed to write core dump. Minidumps are not enabled by default on client versions of Windows
#

---------------  T H R E A D  ---------------

Current thread (0x000000001519c800):  JavaThread "C2 CompilerThread0" daemon [_thread_in_native, id=2644, stack(0x0000000016710000,0x0000000016810000)]

Stack: [0x0000000016710000,0x0000000016810000]
Native frames: (J=compiled Java code, j=interpreted, Vv=VM code, C=native code)
V  [jvm.dll+0x308dea]


Current CompileTask:
C2:   1346  636       4       com.android.dx.ssa.SsaBasicBlock::forEachInsn (37 bytes)


---------------  P R O C E S S  ---------------

Java Threads: ( => current thread )
  0x0000000016e44000 JavaThread "pool-2-thread-4" [_thread_in_vm, id=1212, stack(0x0000000017410000,0x0000000017510000)]
  0x0000000016e43000 JavaThread "pool-2-thread-3" [_thread_in_Java, id=864, stack(0x0000000017310000,0x0000000017410000)]
  0x0000000016d87800 JavaThread "pool-2-thread-2" [_thread_in_Java, id=7484, stack(0x0000000017210000,0x0000000017310000)]
  0x0000000016d85800 JavaThread "pool-3-thread-1" [_thread_blocked, id=1184, stack(0x0000000017110000,0x0000000017210000)]
  0x0000000016d83000 JavaThread "pool-2-thread-1" [_thread_in_Java, id=1356, stack(0x0000000017010000,0x0000000017110000)]
  0x00000000151f4000 JavaThread "Service Thread" daemon [_thread_blocked, id=2504, stack(0x0000000016a10000,0x0000000016b10000)]
  0x00000000151f0800 JavaThread "C1 CompilerThread2" daemon [_thread_in_vm, id=5632, stack(0x0000000016910000,0x0000000016a10000)]
  0x000000001519f800 JavaThread "C2 CompilerThread1" daemon [_thread_in_native, id=1160, stack(0x0000000016810000,0x0000000016910000)]
=>0x000000001519c800 JavaThread "C2 CompilerThread0" daemon [_thread_in_native, id=2644, stack(0x0000000016710000,0x0000000016810000)]
  0x000000001519b000 JavaThread "Attach Listener" daemon [_thread_blocked, id=6388, stack(0x0000000016610000,0x0000000016710000)]
  0x0000000015199000 JavaThread "Signal Dispatcher" daemon [_thread_blocked, id=2268, stack(0x0000000016510000,0x0000000016610000)]
  0x0000000002ac0000 JavaThread "Finalizer" daemon [_thread_blocked, id=6128, stack(0x0000000016410000,0x0000000016510000)]
  0x0000000015167800 JavaThread "Reference Handler" daemon [_thread_blocked, id=1164, stack(0x0000000016310000,0x0000000016410000)]
  0x000000000282d800 JavaThread "main" [_thread_blocked, id=4164, stack(0x00000000028d0000,0x00000000029d0000)]

Other Threads:
  0x0000000015166000 VMThread [stack: 0x0000000016210000,0x0000000016310000] [id=9096]
  0x00000000151fa800 WatcherThread [stack: 0x0000000016b10000,0x0000000016c10000] [id=5928]

VM state:not at safepoint (normal execution)

VM Mutex/Monitor currently owned by a thread:  ([mutex/lock_event])
[0x000000000282c000] CodeCache_lock - owner thread: 0x0000000000000000

Heap:
 PSYoungGen      total 5632K, used 4526K [0x00000000eab00000, 0x00000000eb200000, 0x0000000100000000)
  eden space 4096K, 84% used [0x00000000eab00000,0x00000000eae62c70,0x00000000eaf00000)
  from space 1536K, 68% used [0x00000000eb080000,0x00000000eb188cd8,0x00000000eb200000)
  to   space 1536K, 0% used [0x00000000eaf00000,0x00000000eaf00000,0x00000000eb080000)
 ParOldGen       total 129536K, used 1402K [0x00000000c0000000, 0x00000000c7e80000, 0x00000000eab00000)
  object space 129536K, 1% used [0x00000000c0000000,0x00000000c015ea00,0x00000000c7e80000)
 Metaspace       used 5451K, capacity 6576K, committed 6784K, reserved 1056768K
  class space    used 584K, capacity 616K, committed 640K, reserved 1048576K

Card table byte_map: [0x0000000011e90000,0x00000000120a0000] byte_map_base: 0x0000000011890000

Marking Bits: (ParMarkBitMap*) 0x000000005e9813b0
 Begin Bits: [0x0000000012600000, 0x0000000013600000)
 End Bits:   [0x0000000013600000, 0x0000000014600000)

Polling page: 0x00000000027f0000

CodeCache: size=245760Kb used=2596Kb max_used=2607Kb free=243163Kb
 bounds [0x0000000002ad0000, 0x0000000002d60000, 0x0000000011ad0000]
 total_blobs=894 nmethods=630 adapters=177
 compilation: disabled (not enough contiguous free space left)

Compilation events (10 events):
Event: 1.343 Thread 0x000000001519f800  640   !   4       com.android.dx.util.FixedSizeList::<init> (36 bytes)
Event: 1.343 Thread 0x00000000151f0800  621       3       com.android.dx.dex.code.ZeroSizeInsn::<init> (12 bytes)
Event: 1.343 Thread 0x00000000151f0800 nmethod 621 0x0000000002d50210 code [0x0000000002d50380, 0x0000000002d50528]
Event: 1.343 Thread 0x00000000151f0800  628       3       com.android.dx.rop.code.BasicBlockList$RegCountVisitor::visitPlainInsn (6 bytes)
Event: 1.344 Thread 0x00000000151f0800 nmethod 628 0x0000000002d4fe90 code [0x0000000002d50000, 0x0000000002d50188]
Event: 1.344 Thread 0x00000000151f0800  639       3       com.android.dx.rop.code.RegisterSpec::getType (10 bytes)
Event: 1.344 Thread 0x00000000151f0800 nmethod 639 0x0000000002d4fa50 code [0x0000000002d4fbc0, 0x0000000002d4fde8]
Event: 1.344 Thread 0x00000000151f0800  627       3       com.android.dx.rop.code.InsnList::<init> (6 bytes)
Event: 1.344 Thread 0x00000000151f0800 nmethod 627 0x0000000002d4f6d0 code [0x0000000002d4f840, 0x0000000002d4f9c8]
Event: 1.344 Thread 0x00000000151f0800  611       3       com.android.dx.rop.code.RopMethod::labelToPredecessors (54 bytes)

GC Heap History (10 events):
Event: 0.354 GC heap before
{Heap before GC invocations=2 (full 0):
 PSYoungGen      total 1024K, used 1008K [0x00000000eab00000, 0x00000000ead00000, 0x0000000100000000)
  eden space 512K, 100% used [0x00000000eab00000,0x00000000eab80000,0x00000000eab80000)
  from space 512K, 96% used [0x00000000eab80000,0x00000000eabfc010,0x00000000eac00000)
  to   space 512K, 0% used [0x00000000eac80000,0x00000000eac80000,0x00000000ead00000)
 ParOldGen       total 129536K, used 0K [0x00000000c0000000, 0x00000000c7e80000, 0x00000000eab00000)
  object space 129536K, 0% used [0x00000000c0000000,0x00000000c0000000,0x00000000c7e80000)
 Metaspace       used 2921K, capacity 4656K, committed 4864K, reserved 1056768K
  class space    used 319K, capacity 424K, committed 512K, reserved 1048576K
Event: 0.359 GC heap after
Heap after GC invocations=2 (full 0):
 PSYoungGen      total 1536K, used 496K [0x00000000eab00000, 0x00000000ead00000, 0x0000000100000000)
  eden space 1024K, 0% used [0x00000000eab00000,0x00000000eab00000,0x00000000eac00000)
  from space 512K, 96% used [0x00000000eac80000,0x00000000eacfc010,0x00000000ead00000)
  to   space 512K, 0% used [0x00000000eac00000,0x00000000eac00000,0x00000000eac80000)
 ParOldGen       total 129536K, used 101K [0x00000000c0000000, 0x00000000c7e80000, 0x00000000eab00000)
  object space 129536K, 0% used [0x00000000c0000000,0x00000000c0019778,0x00000000c7e80000)
 Metaspace       used 2921K, capacity 4656K, committed 4864K, reserved 1056768K
  class space    used 319K, capacity 424K, committed 512K, reserved 1048576K
}
Event: 0.512 GC heap before
{Heap before GC invocations=3 (full 0):
 PSYoungGen      total 1536K, used 1520K [0x00000000eab00000, 0x00000000ead00000, 0x0000000100000000)
  eden space 1024K, 100% used [0x00000000eab00000,0x00000000eac00000,0x00000000eac00000)
  from space 512K, 96% used [0x00000000eac80000,0x00000000eacfc010,0x00000000ead00000)
  to   space 512K, 0% used [0x00000000eac00000,0x00000000eac00000,0x00000000eac80000)
 ParOldGen       total 129536K, used 101K [0x00000000c0000000, 0x00000000c7e80000, 0x00000000eab00000)
  object space 129536K, 0% used [0x00000000c0000000,0x00000000c0019778,0x00000000c7e80000)
 Metaspace       used 3495K, capacity 4880K, committed 5120K, reserved 1056768K
  class space    used 391K, capacity 456K, committed 512K, reserved 1048576K
Event: 0.514 GC heap after
Heap after GC invocations=3 (full 0):
 PSYoungGen      total 1536K, used 487K [0x00000000eab00000, 0x00000000eae00000, 0x0000000100000000)
  eden space 1024K, 0% used [0x00000000eab00000,0x00000000eab00000,0x00000000eac00000)
  from space 512K, 95% used [0x00000000eac00000,0x00000000eac79c70,0x00000000eac80000)
  to   space 512K, 0% used [0x00000000ead80000,0x00000000ead80000,0x00000000eae00000)
 ParOldGen       total 129536K, used 443K [0x00000000c0000000, 0x00000000c7e80000, 0x00000000eab00000)
  object space 129536K, 0% used [0x00000000c0000000,0x00000000c006ee50,0x00000000c7e80000)
 Metaspace       used 3495K, capacity 4880K, committed 5120K, reserved 1056768K
  class space    used 391K, capacity 456K, committed 512K, reserved 1048576K
}
Event: 0.762 GC heap before
{Heap before GC invocations=4 (full 0):
 PSYoungGen      total 1536K, used 1511K [0x00000000eab00000, 0x00000000eae00000, 0x0000000100000000)
  eden space 1024K, 100% used [0x00000000eab00000,0x00000000eac00000,0x00000000eac00000)
  from space 512K, 95% used [0x00000000eac00000,0x00000000eac79c70,0x00000000eac80000)
  to   space 512K, 0% used [0x00000000ead80000,0x00000000ead80000,0x00000000eae00000)
 ParOldGen       total 129536K, used 443K [0x00000000c0000000, 0x00000000c7e80000, 0x00000000eab00000)
  object space 129536K, 0% used [0x00000000c0000000,0x00000000c006ee50,0x00000000c7e80000)
 Metaspace       used 3815K, capacity 5104K, committed 5376K, reserved 1056768K
  class space    used 434K, capacity 488K, committed 512K, reserved 1048576K
Event: 0.786 GC heap after
Heap after GC invocations=4 (full 0):
 PSYoungGen      total 2560K, used 503K [0x00000000eab00000, 0x00000000eae00000, 0x0000000100000000)
  eden space 2048K, 0% used [0x00000000eab00000,0x00000000eab00000,0x00000000ead00000)
  from space 512K, 98% used [0x00000000ead80000,0x00000000eadfdc60,0x00000000eae00000)
  to   space 512K, 0% used [0x00000000ead00000,0x00000000ead00000,0x00000000ead80000)
 ParOldGen       total 129536K, used 754K [0x00000000c0000000, 0x00000000c7e80000, 0x00000000eab00000)
  object space 129536K, 0% used [0x00000000c0000000,0x00000000c00bcab0,0x00000000c7e80000)
 Metaspace       used 3815K, capacity 5104K, committed 5376K, reserved 1056768K
  class space    used 434K, capacity 488K, committed 512K, reserved 1048576K
}
Event: 0.904 GC heap before
{Heap before GC invocations=5 (full 0):
 PSYoungGen      total 2560K, used 2551K [0x00000000eab00000, 0x00000000eae00000, 0x0000000100000000)
  eden space 2048K, 100% used [0x00000000eab00000,0x00000000ead00000,0x00000000ead00000)
  from space 512K, 98% used [0x00000000ead80000,0x00000000eadfdc60,0x00000000eae00000)
  to   space 512K, 0% used [0x00000000ead00000,0x00000000ead00000,0x00000000ead80000)
 ParOldGen       total 129536K, used 754K [0x00000000c0000000, 0x00000000c7e80000, 0x00000000eab00000)
  object space 129536K, 0% used [0x00000000c0000000,0x00000000c00bcab0,0x00000000c7e80000)
 Metaspace       used 4415K, capacity 5648K, committed 6016K, reserved 1056768K
  class space    used 491K, capacity 520K, committed 640K, reserved 1048576K
Event: 0.952 GC heap after
Heap after GC invocations=5 (full 0):
 PSYoungGen      total 2560K, used 496K [0x00000000eab00000, 0x00000000eb200000, 0x0000000100000000)
  eden space 2048K, 0% used [0x00000000eab00000,0x00000000eab00000,0x00000000ead00000)
  from space 512K, 96% used [0x00000000ead00000,0x00000000ead7c030,0x00000000ead80000)
  to   space 1536K, 0% used [0x00000000eb080000,0x00000000eb080000,0x00000000eb200000)
 ParOldGen       total 129536K, used 1394K [0x00000000c0000000, 0x00000000c7e80000, 0x00000000eab00000)
  object space 129536K, 1% used [0x00000000c0000000,0x00000000c015ca00,0x00000000c7e80000)
 Metaspace       used 4415K, capacity 5648K, committed 6016K, reserved 1056768K
  class space    used 491K, capacity 520K, committed 640K, reserved 1048576K
}
Event: 1.090 GC heap before
{Heap before GC invocations=6 (full 0):
 PSYoungGen      total 2560K, used 2544K [0x00000000eab00000, 0x00000000eb200000, 0x0000000100000000)
  eden space 2048K, 100% used [0x00000000eab00000,0x00000000ead00000,0x00000000ead00000)
  from space 512K, 96% used [0x00000000ead00000,0x00000000ead7c030,0x00000000ead80000)
  to   space 1536K, 0% used [0x00000000eb080000,0x00000000eb080000,0x00000000eb200000)
 ParOldGen       total 129536K, used 1394K [0x00000000c0000000, 0x00000000c7e80000, 0x00000000eab00000)
  object space 129536K, 1% used [0x00000000c0000000,0x00000000c015ca00,0x00000000c7e80000)
 Metaspace       used 5021K, capacity 6160K, committed 6272K, reserved 1056768K
  class space    used 560K, capacity 584K, committed 640K, reserved 1048576K
Event: 1.099 GC heap after
Heap after GC invocations=6 (full 0):
 PSYoungGen      total 5632K, used 1059K [0x00000000eab00000, 0x00000000eb200000, 0x0000000100000000)
  eden space 4096K, 0% used [0x00000000eab00000,0x00000000eab00000,0x00000000eaf00000)
  from space 1536K, 68% used [0x00000000eb080000,0x00000000eb188cd8,0x00000000eb200000)
  to   space 1536K, 0% used [0x00000000eaf00000,0x00000000eaf00000,0x00000000eb080000)
 ParOldGen       total 129536K, used 1402K [0x00000000c0000000, 0x00000000c7e80000, 0x00000000eab00000)
  object space 129536K, 1% used [0x00000000c0000000,0x00000000c015ea00,0x00000000c7e80000)
 Metaspace       used 5021K, capacity 6160K, committed 6272K, reserved 1056768K
  class space    used 560K, capacity 584K, committed 640K, reserved 1048576K
}

Deoptimization events (0 events):
No events

Internal exceptions (10 events):
Event: 1.156 Thread 0x0000000016d87800 Exception <a 'java/security/PrivilegedActionException'> (0x00000000eabd1210) thrown at [D:\re\workspace\8-2-build-windows-amd64-cygwin\jdk8u5\2488\hotspot\src\share\vm\prims\jvm.cpp, line 1248]
Event: 1.157 Thread 0x0000000016d87800 Exception <a 'java/security/PrivilegedActionException'> (0x00000000eabd4ff0) thrown at [D:\re\workspace\8-2-build-windows-amd64-cygwin\jdk8u5\2488\hotspot\src\share\vm\prims\jvm.cpp, line 1248]
Event: 1.161 Thread 0x0000000016e44000 Exception <a 'java/security/PrivilegedActionException'> (0x00000000eabc7f18) thrown at [D:\re\workspace\8-2-build-windows-amd64-cygwin\jdk8u5\2488\hotspot\src\share\vm\prims\jvm.cpp, line 1248]
Event: 1.162 Thread 0x0000000016e44000 Exception <a 'java/security/PrivilegedActionException'> (0x00000000eabce1b0) thrown at [D:\re\workspace\8-2-build-windows-amd64-cygwin\jdk8u5\2488\hotspot\src\share\vm\prims\jvm.cpp, line 1248]
Event: 1.163 Thread 0x0000000016d83000 Exception <a 'java/security/PrivilegedActionException'> (0x00000000eabc0ca0) thrown at [D:\re\workspace\8-2-build-windows-amd64-cygwin\jdk8u5\2488\hotspot\src\share\vm\prims\jvm.cpp, line 1248]
Event: 1.164 Thread 0x0000000016e43000 Exception <a 'java/security/PrivilegedActionException'> (0x00000000eabc42b0) thrown at [D:\re\workspace\8-2-build-windows-amd64-cygwin\jdk8u5\2488\hotspot\src\share\vm\prims\jvm.cpp, line 1248]
Event: 1.164 Thread 0x0000000016d83000 Exception <a 'java/security/PrivilegedActionException'> (0x00000000eabf3f48) thrown at [D:\re\workspace\8-2-build-windows-amd64-cygwin\jdk8u5\2488\hotspot\src\share\vm\prims\jvm.cpp, line 1248]
Event: 1.167 Thread 0x0000000016d83000 Exception <a 'java/security/PrivilegedActionException'> (0x00000000eabf9a60) thrown at [D:\re\workspace\8-2-build-windows-amd64-cygwin\jdk8u5\2488\hotspot\src\share\vm\prims\jvm.cpp, line 1248]
Event: 1.167 Thread 0x0000000016d83000 Exception <a 'java/security/PrivilegedActionException'> (0x00000000eac13438) thrown at [D:\re\workspace\8-2-build-windows-amd64-cygwin\jdk8u5\2488\hotspot\src\share\vm\prims\jvm.cpp, line 1248]
Event: 1.196 Thread 0x0000000016e44000 Exception <a 'java/security/PrivilegedActionException'> (0x00000000eac02ff0) thrown at [D:\re\workspace\8-2-build-windows-amd64-cygwin\jdk8u5\2488\hotspot\src\share\vm\prims\jvm.cpp, line 1248]

Events (10 events):
Event: 1.166 loading class com/android/dx/dex/file/UniformListItem
Event: 1.166 loading class com/android/dx/dex/file/UniformListItem done
Event: 1.167 loading class com/android/dx/dex/file/AnnotationSetRefItem
Event: 1.167 loading class com/android/dx/dex/file/AnnotationSetRefItem done
Event: 1.196 loading class com/android/dx/cf/code/Ropper$ExceptionHandlerSetup
Event: 1.196 loading class com/android/dx/cf/code/Ropper$ExceptionHandlerSetup done
Event: 1.198 loading class java/util/HashMap$Values
Event: 1.198 loading class java/util/HashMap$Values done
Event: 1.198 loading class java/util/HashMap$ValueIterator
Event: 1.198 loading class java/util/HashMap$ValueIterator done


Dynamic libraries:
0x00007ff76f6a0000 - 0x00007ff76f6d4000 	C:\Program Files\Java\jdk1.8.0_05\bin\java.exe
0x00007ffe6db50000 - 0x00007ffe6dd11000 	C:\WINDOWS\SYSTEM32\ntdll.dll
0x00007ffe6d210000 - 0x00007ffe6d2bd000 	C:\WINDOWS\system32\KERNEL32.DLL
0x00007ffe6aab0000 - 0x00007ffe6ac98000 	C:\WINDOWS\system32\KERNELBASE.dll
0x00007ffe6b5e0000 - 0x00007ffe6b687000 	C:\WINDOWS\system32\ADVAPI32.dll
0x00007ffe6d980000 - 0x00007ffe6da1d000 	C:\WINDOWS\system32\msvcrt.dll
0x00007ffe6d000000 - 0x00007ffe6d05b000 	C:\WINDOWS\system32\sechost.dll
0x00007ffe6da30000 - 0x00007ffe6db4c000 	C:\WINDOWS\system32\RPCRT4.dll
0x00007ffe6cd80000 - 0x00007ffe6ced6000 	C:\WINDOWS\system32\USER32.dll
0x00007ffe6b690000 - 0x00007ffe6b816000 	C:\WINDOWS\system32\GDI32.dll
0x00007ffe5d390000 - 0x00007ffe5d604000 	C:\WINDOWS\WinSxS\amd64_microsoft.windows.common-controls_6595b64144ccf1df_6.0.10586.589_none_a2ddb3caa539acce\COMCTL32.dll
0x00007ffe6b270000 - 0x00007ffe6b4ed000 	C:\WINDOWS\system32\combase.dll
0x00007ffe6acf0000 - 0x00007ffe6ad5a000 	C:\WINDOWS\system32\bcryptPrimitives.dll
0x00007ffe6b4f0000 - 0x00007ffe6b52b000 	C:\WINDOWS\system32\IMM32.DLL
0x000000005ea00000 - 0x000000005ead2000 	C:\Program Files\Java\jdk1.8.0_05\jre\bin\msvcr100.dll
0x000000005e1d0000 - 0x000000005e9fa000 	C:\Program Files\Java\jdk1.8.0_05\jre\bin\server\jvm.dll
0x00007ffe6cff0000 - 0x00007ffe6cff8000 	C:\WINDOWS\system32\PSAPI.DLL
0x00007ffe49240000 - 0x00007ffe49249000 	C:\WINDOWS\SYSTEM32\WSOCK32.dll
0x00007ffe6af50000 - 0x00007ffe6afbb000 	C:\WINDOWS\system32\WS2_32.dll
0x00007ffe683c0000 - 0x00007ffe683e3000 	C:\WINDOWS\SYSTEM32\WINMM.dll
0x00007ffe68390000 - 0x00007ffe683bc000 	C:\WINDOWS\SYSTEM32\WINMMBASE.dll
0x00007ffe6aca0000 - 0x00007ffe6ace3000 	C:\WINDOWS\system32\cfgmgr32.dll
0x000000005e1c0000 - 0x000000005e1cf000 	C:\Program Files\Java\jdk1.8.0_05\jre\bin\verify.dll
0x000000005e190000 - 0x000000005e1b8000 	C:\Program Files\Java\jdk1.8.0_05\jre\bin\java.dll
0x000000005e170000 - 0x000000005e186000 	C:\Program Files\Java\jdk1.8.0_05\jre\bin\zip.dll
0x00007ffe6b820000 - 0x00007ffe6cd7c000 	C:\WINDOWS\system32\SHELL32.dll
0x00007ffe6a200000 - 0x00007ffe6a845000 	C:\WINDOWS\system32\windows.storage.dll
0x00007ffe6d770000 - 0x00007ffe6d7c2000 	C:\WINDOWS\system32\shlwapi.dll
0x00007ffe6a170000 - 0x00007ffe6a17f000 	C:\WINDOWS\system32\kernel.appcore.dll
0x00007ffe6ad60000 - 0x00007ffe6ae15000 	C:\WINDOWS\system32\shcore.dll
0x00007ffe6a1b0000 - 0x00007ffe6a1fb000 	C:\WINDOWS\system32\powrprof.dll
0x00007ffe6a190000 - 0x00007ffe6a1a4000 	C:\WINDOWS\system32\profapi.dll

VM Arguments:
jvm_args: -Djava.awt.headless=true -Xmx1024M -Dfile.encoding=windows-1252 -Duser.country=ES -Duser.language=es -Duser.variant 
java_command: com.android.dx.command.Main --dex --force-jumbo --num-threads=4 --multi-dex --output C:\Users\Randall\Desktop\ReadIt\app\build\intermediates\transforms\dex\debug\folders\1000\10\com.google.firebase-firebase-storage-common-9.6.1_823699b3ed4bc50d3f87433ddba817129761454f C:\Users\Randall\Desktop\ReadIt\app\build\intermediates\exploded-aar\com.google.firebase\firebase-storage-common\9.6.1\jars\classes.jar
java_class_path (initial): C:\Users\Randall\AppData\Local\Android\sdk\build-tools\24.0.3\lib\dx.jar
Launcher Type: SUN_STANDARD

Environment Variables:
PATH=C:\Program Files\Java\jdk1.8.0_05\bin;C:\ProgramData\Oracle\Java\javapath;C:\WINDOWS\system32;C:\WINDOWS;C:\WINDOWS\System32\Wbem;C:\WINDOWS\System32\WindowsPowerShell\v1.0\;C:\Program Files\Microsoft SQL Server\110\Tools\Binn\;C:\Program Files\Microsoft SQL Server\120\DTS\Binn\;C:\Program Files\Microsoft SQL Server\Client SDK\ODBC\110\Tools\Binn\;C:\Program Files (x86)\Microsoft SQL Server\120\Tools\Binn\;C:\Program Files\Microsoft SQL Server\120\Tools\Binn\;C:\Program Files (x86)\Microsoft SQL Server\120\Tools\Binn\ManagementStudio\;C:\Program Files (x86)\Microsoft SQL Server\120\DTS\Binn\;C:\Program Files (x86)\Intel\OpenCL SDK\2.0\bin\x86;C:\Program Files (x86)\Intel\OpenCL SDK\2.0\bin\x64;C:\Program Files\Microsoft\Web Platform Installer\;C:\Users\Randall\AppData\Local\Code\bin;C:\Users\Randall\Desktop\Arduinocosas\;C:\Program Files\Intel\WiFi\bin\;C:\Program Files\Common Files\Intel\WirelessCommon\;C:\Program Files\Git\cmd;C:\gradle-2.9\bin;C:\Program Files (x86)\Skype\Phone\;C:\Ruby22\bin;C:\Python27\;C:\Python27\Scripts;C:\WINDOWS\Microsoft.NET\Framework\v3.5;C:\Users\Randall\Desktop\Arduinocosas\;C:\Program Files\Intel\WiFi\bin\;C:\Program Files\Common Files\Intel\WirelessCommon\;C:\Program Files (x86)\Microsoft VS Code\bin
USERNAME=Randall
OS=Windows_NT
PROCESSOR_IDENTIFIER=Intel64 Family 6 Model 42 Stepping 7, GenuineIntel



---------------  S Y S T E M  ---------------

OS: Windows 8.1 , 64 bit Build 9600 

CPU:total 4 (2 cores per cpu, 2 threads per core) family 6 model 42 stepping 7, cmov, cx8, fxsr, mmx, sse, sse2, sse3, ssse3, sse4.1, sse4.2, popcnt, avx, aes, clmul, ht, tsc, tscinvbit

Memory: 4k page, physical 8297216k(591300k free), swap 9345792k(5100k free)

vm_info: Java HotSpot(TM) 64-Bit Server VM (25.5-b02) for windows-amd64 JRE (1.8.0_05-b13), built on Mar 18 2014 01:08:39 by "java_re" with MS VC++ 10.0 (VS2010)

time: Thu Sep 29 22:16:14 2016
elapsed time: 1 seconds

