#
# There is insufficient memory for the Java Runtime Environment to continue.
# Native memory allocation (malloc) failed to allocate 664016 bytes for Chunk::new
# Possible reasons:
#   The system is out of physical RAM or swap space
#   In 32 bit mode, the process size limit was hit
# Possible solutions:
#   Reduce memory load on the system
#   Increase physical memory or swap space
#   Check if swap backing store is full
#   Use 64 bit Java on a 64 bit OS
#   Decrease Java heap size (-Xmx/-Xms)
#   Decrease number of Java threads
#   Decrease Java thread stack sizes (-Xss)
#   Set larger code cache with -XX:ReservedCodeCacheSize=
# This output file may be truncated or incomplete.
#
#  Out of Memory Error (allocation.cpp:388), pid=2436, tid=2068
#
# JRE version: Java(TM) SE Runtime Environment (8.0_05-b13) (build 1.8.0_05-b13)
# Java VM: Java HotSpot(TM) 64-Bit Server VM (25.5-b02 mixed mode windows-amd64 compressed oops)
# Failed to write core dump. Minidumps are not enabled by default on client versions of Windows
#

---------------  T H R E A D  ---------------

Current thread (0x00000000153fc800):  JavaThread "C2 CompilerThread0" daemon [_thread_in_native, id=2068, stack(0x0000000016970000,0x0000000016a70000)]

Stack: [0x0000000016970000,0x0000000016a70000]
Native frames: (J=compiled Java code, j=interpreted, Vv=VM code, C=native code)
V  [jvm.dll+0x308dea]
V  [jvm.dll+0x25def1]
V  [jvm.dll+0x25eb0f]
V  [jvm.dll+0x2564e5]
V  [jvm.dll+0xbcfc5]
V  [jvm.dll+0xbd45c]
V  [jvm.dll+0x44d422]
V  [jvm.dll+0x48e13f]
V  [jvm.dll+0x4425d0]
V  [jvm.dll+0x44366b]
V  [jvm.dll+0x427532]
V  [jvm.dll+0x96702]
V  [jvm.dll+0x96ef3]
V  [jvm.dll+0x2232c4]
V  [jvm.dll+0x27baca]
C  [msvcr100.dll+0x21d9f]
C  [msvcr100.dll+0x21e3b]
C  [KERNEL32.DLL+0x18102]
C  [ntdll.dll+0x5c5b4]


Current CompileTask:
C2:   8635 1896 %     4       com.android.dx.ssa.SsaConverter::placePhiFunctions @ 264 (394 bytes)


---------------  P R O C E S S  ---------------

Java Threads: ( => current thread )
  0x00000000170de800 JavaThread "pool-2-thread-4" [_thread_in_Java, id=8748, stack(0x0000000017e70000,0x0000000017f70000)]
  0x000000001712a000 JavaThread "pool-2-thread-3" [_thread_in_Java, id=5736, stack(0x0000000017d70000,0x0000000017e70000)]
  0x000000001714a800 JavaThread "pool-2-thread-2" [_thread_in_Java, id=4848, stack(0x0000000017c70000,0x0000000017d70000)]
  0x0000000017149800 JavaThread "pool-3-thread-1" [_thread_blocked, id=8880, stack(0x0000000017b70000,0x0000000017c70000)]
  0x0000000017181000 JavaThread "pool-2-thread-1" [_thread_in_Java, id=5216, stack(0x0000000017a70000,0x0000000017b70000)]
  0x0000000015457800 JavaThread "Service Thread" daemon [_thread_blocked, id=6708, stack(0x0000000016c70000,0x0000000016d70000)]
  0x0000000015450800 JavaThread "C1 CompilerThread2" daemon [_thread_blocked, id=8400, stack(0x0000000016b70000,0x0000000016c70000)]
  0x00000000153ff800 JavaThread "C2 CompilerThread1" daemon [_thread_in_native, id=2100, stack(0x0000000016a70000,0x0000000016b70000)]
=>0x00000000153fc800 JavaThread "C2 CompilerThread0" daemon [_thread_in_native, id=2068, stack(0x0000000016970000,0x0000000016a70000)]
  0x00000000153fb000 JavaThread "Attach Listener" daemon [_thread_blocked, id=7016, stack(0x0000000016870000,0x0000000016970000)]
  0x00000000153f9000 JavaThread "Signal Dispatcher" daemon [_thread_blocked, id=4528, stack(0x0000000016770000,0x0000000016870000)]
  0x0000000002d20000 JavaThread "Finalizer" daemon [_thread_blocked, id=4600, stack(0x0000000016670000,0x0000000016770000)]
  0x00000000153c7800 JavaThread "Reference Handler" daemon [_thread_blocked, id=8692, stack(0x0000000016570000,0x0000000016670000)]
  0x0000000002c2d800 JavaThread "main" [_thread_blocked, id=6776, stack(0x0000000002af0000,0x0000000002bf0000)]

Other Threads:
  0x00000000153c6000 VMThread [stack: 0x0000000016470000,0x0000000016570000] [id=8132]
  0x000000001545a000 WatcherThread [stack: 0x0000000016d70000,0x0000000016e70000] [id=5520]

VM state:not at safepoint (normal execution)

VM Mutex/Monitor currently owned by a thread: None

Heap:
 PSYoungGen      total 44032K, used 18647K [0x00000000eab00000, 0x00000000ede80000, 0x0000000100000000)
  eden space 38400K, 33% used [0x00000000eab00000,0x00000000eb7b5f08,0x00000000ed080000)
  from space 5632K, 100% used [0x00000000ed700000,0x00000000edc80000,0x00000000edc80000)
  to   space 6656K, 0% used [0x00000000ed080000,0x00000000ed080000,0x00000000ed700000)
 ParOldGen       total 129536K, used 29788K [0x00000000c0000000, 0x00000000c7e80000, 0x00000000eab00000)
  object space 129536K, 22% used [0x00000000c0000000,0x00000000c1d171f8,0x00000000c7e80000)
 Metaspace       used 6091K, capacity 7000K, committed 7168K, reserved 1056768K
  class space    used 610K, capacity 656K, committed 768K, reserved 1048576K

Card table byte_map: [0x00000000120f0000,0x0000000012300000] byte_map_base: 0x0000000011af0000

Marking Bits: (ParMarkBitMap*) 0x000000005e9813b0
 Begin Bits: [0x0000000012860000, 0x0000000013860000)
 End Bits:   [0x0000000013860000, 0x0000000014860000)

Polling page: 0x0000000002a20000

CodeCache: size=245760Kb used=8002Kb max_used=8009Kb free=237757Kb
 bounds [0x0000000002d30000, 0x0000000003510000, 0x0000000011d30000]
 total_blobs=2130 nmethods=1866 adapters=177
 compilation: enabled

Compilation events (10 events):
Event: 8.571 Thread 0x0000000015450800 1910       2       java.util.HashMap::comparableClassFor (105 bytes)
Event: 8.572 Thread 0x0000000015450800 nmethod 1910 0x0000000003505190 code [0x0000000003505340, 0x00000000035057a8]
Event: 8.573 Thread 0x0000000015450800 1911       2       com.android.dx.rop.cst.CstArray$List::<init> (6 bytes)
Event: 8.573 Thread 0x0000000015450800 nmethod 1911 0x0000000003504e10 code [0x0000000003504f80, 0x00000000035050e8]
Event: 8.588 Thread 0x0000000015450800 1913       2       com.android.dx.rop.cst.CstArray::<init> (28 bytes)
Event: 8.589 Thread 0x0000000015450800 nmethod 1913 0x0000000003504890 code [0x0000000003504a00, 0x0000000003504cb8]
Event: 8.592 Thread 0x0000000015450800 1914       2       com.android.dx.rop.code.RegisterSpecList::make (23 bytes)
Event: 8.593 Thread 0x0000000015450800 nmethod 1914 0x0000000003503a10 code [0x0000000003503be0, 0x00000000035041c8]
Event: 8.615 Thread 0x0000000015450800 1916       2       com.android.dx.ssa.SsaBasicBlock::getLiveOutRegs (26 bytes)
Event: 8.616 Thread 0x0000000015450800 nmethod 1916 0x00000000035033d0 code [0x0000000003503540, 0x0000000003503848]

GC Heap History (10 events):
Event: 5.008 GC heap before
{Heap before GC invocations=16 (full 0):
 PSYoungGen      total 19968K, used 19954K [0x00000000eab00000, 0x00000000ecd80000, 0x0000000100000000)
  eden space 17408K, 100% used [0x00000000eab00000,0x00000000ebc00000,0x00000000ebc00000)
  from space 2560K, 99% used [0x00000000ebc00000,0x00000000ebe7cbc8,0x00000000ebe80000)
  to   space 3584K, 0% used [0x00000000eca00000,0x00000000eca00000,0x00000000ecd80000)
 ParOldGen       total 129536K, used 9868K [0x00000000c0000000, 0x00000000c7e80000, 0x00000000eab00000)
  object space 129536K, 7% used [0x00000000c0000000,0x00000000c09a3190,0x00000000c7e80000)
 Metaspace       used 5880K, capacity 6896K, committed 7040K, reserved 1056768K
  class space    used 585K, capacity 616K, committed 640K, reserved 1048576K
Event: 5.048 GC heap after
Heap after GC invocations=16 (full 0):
 PSYoungGen      total 31744K, used 2272K [0x00000000eab00000, 0x00000000ecd80000, 0x0000000100000000)
  eden space 28160K, 0% used [0x00000000eab00000,0x00000000eab00000,0x00000000ec680000)
  from space 3584K, 63% used [0x00000000eca00000,0x00000000ecc38000,0x00000000ecd80000)
  to   space 3584K, 0% used [0x00000000ec680000,0x00000000ec680000,0x00000000eca00000)
 ParOldGen       total 129536K, used 12151K [0x00000000c0000000, 0x00000000c7e80000, 0x00000000eab00000)
  object space 129536K, 9% used [0x00000000c0000000,0x00000000c0bddce8,0x00000000c7e80000)
 Metaspace       used 5880K, capacity 6896K, committed 7040K, reserved 1056768K
  class space    used 585K, capacity 616K, committed 640K, reserved 1048576K
}
Event: 6.737 GC heap before
{Heap before GC invocations=17 (full 0):
 PSYoungGen      total 31744K, used 30432K [0x00000000eab00000, 0x00000000ecd80000, 0x0000000100000000)
  eden space 28160K, 100% used [0x00000000eab00000,0x00000000ec680000,0x00000000ec680000)
  from space 3584K, 63% used [0x00000000eca00000,0x00000000ecc38000,0x00000000ecd80000)
  to   space 3584K, 0% used [0x00000000ec680000,0x00000000ec680000,0x00000000eca00000)
 ParOldGen       total 129536K, used 12151K [0x00000000c0000000, 0x00000000c7e80000, 0x00000000eab00000)
  object space 129536K, 9% used [0x00000000c0000000,0x00000000c0bddce8,0x00000000c7e80000)
 Metaspace       used 5906K, capacity 6960K, committed 7040K, reserved 1056768K
  class space    used 585K, capacity 616K, committed 640K, reserved 1048576K
Event: 6.931 GC heap after
Heap after GC invocations=17 (full 0):
 PSYoungGen      total 31744K, used 3568K [0x00000000eab00000, 0x00000000edc80000, 0x0000000100000000)
  eden space 28160K, 0% used [0x00000000eab00000,0x00000000eab00000,0x00000000ec680000)
  from space 3584K, 99% used [0x00000000ec680000,0x00000000ec9fc010,0x00000000eca00000)
  to   space 5632K, 0% used [0x00000000ed700000,0x00000000ed700000,0x00000000edc80000)
 ParOldGen       total 129536K, used 15659K [0x00000000c0000000, 0x00000000c7e80000, 0x00000000eab00000)
  object space 129536K, 12% used [0x00000000c0000000,0x00000000c0f4ad90,0x00000000c7e80000)
 Metaspace       used 5906K, capacity 6960K, committed 7040K, reserved 1056768K
  class space    used 585K, capacity 616K, committed 640K, reserved 1048576K
}
Event: 7.571 GC heap before
{Heap before GC invocations=18 (full 0):
 PSYoungGen      total 31744K, used 31728K [0x00000000eab00000, 0x00000000edc80000, 0x0000000100000000)
  eden space 28160K, 100% used [0x00000000eab00000,0x00000000ec680000,0x00000000ec680000)
  from space 3584K, 99% used [0x00000000ec680000,0x00000000ec9fc010,0x00000000eca00000)
  to   space 5632K, 0% used [0x00000000ed700000,0x00000000ed700000,0x00000000edc80000)
 ParOldGen       total 129536K, used 15659K [0x00000000c0000000, 0x00000000c7e80000, 0x00000000eab00000)
  object space 129536K, 12% used [0x00000000c0000000,0x00000000c0f4ad90,0x00000000c7e80000)
 Metaspace       used 5915K, capacity 6960K, committed 7040K, reserved 1056768K
  class space    used 585K, capacity 616K, committed 640K, reserved 1048576K
Event: 7.598 GC heap after
Heap after GC invocations=18 (full 0):
 PSYoungGen      total 44032K, used 5248K [0x00000000eab00000, 0x00000000ede80000, 0x0000000100000000)
  eden space 38400K, 0% used [0x00000000eab00000,0x00000000eab00000,0x00000000ed080000)
  from space 5632K, 93% used [0x00000000ed700000,0x00000000edc20000,0x00000000edc80000)
  to   space 6656K, 0% used [0x00000000ed080000,0x00000000ed080000,0x00000000ed700000)
 ParOldGen       total 129536K, used 19254K [0x00000000c0000000, 0x00000000c7e80000, 0x00000000eab00000)
  object space 129536K, 14% used [0x00000000c0000000,0x00000000c12cd848,0x00000000c7e80000)
 Metaspace       used 5915K, capacity 6960K, committed 7040K, reserved 1056768K
  class space    used 585K, capacity 616K, committed 640K, reserved 1048576K
}
Event: 8.115 GC heap before
{Heap before GC invocations=19 (full 0):
 PSYoungGen      total 44032K, used 43648K [0x00000000eab00000, 0x00000000ede80000, 0x0000000100000000)
  eden space 38400K, 100% used [0x00000000eab00000,0x00000000ed080000,0x00000000ed080000)
  from space 5632K, 93% used [0x00000000ed700000,0x00000000edc20000,0x00000000edc80000)
  to   space 6656K, 0% used [0x00000000ed080000,0x00000000ed080000,0x00000000ed700000)
 ParOldGen       total 129536K, used 19254K [0x00000000c0000000, 0x00000000c7e80000, 0x00000000eab00000)
  object space 129536K, 14% used [0x00000000c0000000,0x00000000c12cd848,0x00000000c7e80000)
 Metaspace       used 5974K, capacity 6960K, committed 7040K, reserved 1056768K
  class space    used 588K, capacity 616K, committed 640K, reserved 1048576K
Event: 8.163 GC heap after
Heap after GC invocations=19 (full 0):
 PSYoungGen      total 45056K, used 6656K [0x00000000eab00000, 0x00000000ede80000, 0x0000000100000000)
  eden space 38400K, 0% used [0x00000000eab00000,0x00000000eab00000,0x00000000ed080000)
  from space 6656K, 100% used [0x00000000ed080000,0x00000000ed700000,0x00000000ed700000)
  to   space 5632K, 0% used [0x00000000ed700000,0x00000000ed700000,0x00000000edc80000)
 ParOldGen       total 129536K, used 23274K [0x00000000c0000000, 0x00000000c7e80000, 0x00000000eab00000)
  object space 129536K, 17% used [0x00000000c0000000,0x00000000c16ba9b8,0x00000000c7e80000)
 Metaspace       used 5974K, capacity 6960K, committed 7040K, reserved 1056768K
  class space    used 588K, capacity 616K, committed 640K, reserved 1048576K
}
Event: 8.539 GC heap before
{Heap before GC invocations=20 (full 0):
 PSYoungGen      total 45056K, used 45056K [0x00000000eab00000, 0x00000000ede80000, 0x0000000100000000)
  eden space 38400K, 100% used [0x00000000eab00000,0x00000000ed080000,0x00000000ed080000)
  from space 6656K, 100% used [0x00000000ed080000,0x00000000ed700000,0x00000000ed700000)
  to   space 5632K, 0% used [0x00000000ed700000,0x00000000ed700000,0x00000000edc80000)
 ParOldGen       total 129536K, used 23274K [0x00000000c0000000, 0x00000000c7e80000, 0x00000000eab00000)
  object space 129536K, 17% used [0x00000000c0000000,0x00000000c16ba9b8,0x00000000c7e80000)
 Metaspace       used 6083K, capacity 7000K, committed 7168K, reserved 1056768K
  class space    used 608K, capacity 656K, committed 768K, reserved 1048576K
Event: 8.564 GC heap after
Heap after GC invocations=20 (full 0):
 PSYoungGen      total 44032K, used 5632K [0x00000000eab00000, 0x00000000ede80000, 0x0000000100000000)
  eden space 38400K, 0% used [0x00000000eab00000,0x00000000eab00000,0x00000000ed080000)
  from space 5632K, 100% used [0x00000000ed700000,0x00000000edc80000,0x00000000edc80000)
  to   space 6656K, 0% used [0x00000000ed080000,0x00000000ed080000,0x00000000ed700000)
 ParOldGen       total 129536K, used 29788K [0x00000000c0000000, 0x00000000c7e80000, 0x00000000eab00000)
  object space 129536K, 22% used [0x00000000c0000000,0x00000000c1d171f8,0x00000000c7e80000)
 Metaspace       used 6083K, capacity 7000K, committed 7168K, reserved 1056768K
  class space    used 608K, capacity 656K, committed 768K, reserved 1048576K
}

Deoptimization events (10 events):
Event: 6.099 Thread 0x000000001714a800 Uncommon trap: reason=class_check action=maybe_recompile pc=0x000000000314f3a4 method=java.util.HashMap.putVal(ILjava/lang/Object;Ljava/lang/Object;ZZ)Ljava/lang/Object; @ 203
Event: 7.170 Thread 0x00000000170de800 Uncommon trap: reason=bimorphic action=maybe_recompile pc=0x00000000033af6e0 method=com.android.dx.cf.code.BytecodeArray.parseInstruction(ILcom/android/dx/cf/code/BytecodeArray$Visitor;)I @ 2135
Event: 7.170 Thread 0x00000000170de800 Uncommon trap: reason=bimorphic action=maybe_recompile pc=0x00000000033af6e0 method=com.android.dx.cf.code.BytecodeArray.parseInstruction(ILcom/android/dx/cf/code/BytecodeArray$Visitor;)I @ 2135
Event: 7.722 Thread 0x000000001712a000 Uncommon trap: reason=unreached action=reinterpret pc=0x000000000344c27c method=com.android.dx.cf.code.Merger.mergeLocals(Lcom/android/dx/cf/code/OneLocalsArray;Lcom/android/dx/cf/code/OneLocalsArray;)Lcom/android/dx/cf/code/OneLocalsArray; @ 2
Event: 7.787 Thread 0x000000001712a000 Uncommon trap: reason=bimorphic action=maybe_recompile pc=0x0000000002f713c8 method=java.util.HashMap.getNode(ILjava/lang/Object;)Ljava/util/HashMap$Node; @ 126
Event: 8.187 Thread 0x000000001714a800 Uncommon trap: reason=class_check action=maybe_recompile pc=0x000000000327baa4 method=com.android.dx.ssa.SCCP.simulateBranch(Lcom/android/dx/ssa/SsaInsn;)V @ 145
Event: 8.209 Thread 0x00000000170de800 Uncommon trap: reason=unreached action=reinterpret pc=0x000000000303f470 method=java.util.HashMap.getNode(ILjava/lang/Object;)Ljava/util/HashMap$Node; @ 84
Event: 8.209 Thread 0x00000000170de800 Uncommon trap: reason=unreached action=reinterpret pc=0x000000000340082c method=java.util.HashMap.getNode(ILjava/lang/Object;)Ljava/util/HashMap$Node; @ 84
Event: 8.283 Thread 0x000000001712a000 Uncommon trap: reason=unreached action=reinterpret pc=0x000000000314f360 method=java.util.HashMap.putVal(ILjava/lang/Object;Ljava/lang/Object;ZZ)Ljava/lang/Object; @ 109
Event: 8.526 Thread 0x000000001714a800 Uncommon trap: reason=class_check action=maybe_recompile pc=0x000000000327baa4 method=com.android.dx.ssa.SCCP.simulateBranch(Lcom/android/dx/ssa/SsaInsn;)V @ 145

Internal exceptions (10 events):
Event: 1.906 Thread 0x00000000170de800 Exception <a 'java/security/PrivilegedActionException'> (0x00000000eb10b1e0) thrown at [D:\re\workspace\8-2-build-windows-amd64-cygwin\jdk8u5\2488\hotspot\src\share\vm\prims\jvm.cpp, line 1248]
Event: 2.736 Thread 0x000000001712a000 Exception <a 'java/security/PrivilegedActionException'> (0x00000000eb0bada8) thrown at [D:\re\workspace\8-2-build-windows-amd64-cygwin\jdk8u5\2488\hotspot\src\share\vm\prims\jvm.cpp, line 1248]
Event: 7.803 Thread 0x0000000002c2d800 Exception <a 'java/security/PrivilegedActionException'> (0x00000000eb9f2180) thrown at [D:\re\workspace\8-2-build-windows-amd64-cygwin\jdk8u5\2488\hotspot\src\share\vm\prims\jvm.cpp, line 1248]
Event: 7.804 Thread 0x0000000002c2d800 Exception <a 'java/security/PrivilegedActionException'> (0x00000000eb9f4af8) thrown at [D:\re\workspace\8-2-build-windows-amd64-cygwin\jdk8u5\2488\hotspot\src\share\vm\prims\jvm.cpp, line 1248]
Event: 7.816 Thread 0x000000001714a800 Exception <a 'java/security/PrivilegedActionException'> (0x00000000ebab8f48) thrown at [D:\re\workspace\8-2-build-windows-amd64-cygwin\jdk8u5\2488\hotspot\src\share\vm\prims\jvm.cpp, line 1248]
Event: 7.818 Thread 0x000000001714a800 Exception <a 'java/security/PrivilegedActionException'> (0x00000000ebabe958) thrown at [D:\re\workspace\8-2-build-windows-amd64-cygwin\jdk8u5\2488\hotspot\src\share\vm\prims\jvm.cpp, line 1248]
Event: 7.821 Thread 0x000000001714a800 Exception <a 'java/security/PrivilegedActionException'> (0x00000000ebac4030) thrown at [D:\re\workspace\8-2-build-windows-amd64-cygwin\jdk8u5\2488\hotspot\src\share\vm\prims\jvm.cpp, line 1248]
Event: 8.205 Thread 0x00000000170de800 Exception <a 'java/lang/ArrayIndexOutOfBoundsException': 18> (0x00000000eb2ac798) thrown at [D:\re\workspace\8-2-build-windows-amd64-cygwin\jdk8u5\2488\hotspot\src\share\vm\interpreter\interpreterRuntime.cpp, line 337]
Event: 8.206 Thread 0x00000000170de800 Exception <a 'java/lang/ArrayIndexOutOfBoundsException': 145> (0x00000000eb2ae230) thrown at [D:\re\workspace\8-2-build-windows-amd64-cygwin\jdk8u5\2488\hotspot\src\share\vm\interpreter\interpreterRuntime.cpp, line 337]
Event: 8.208 Thread 0x00000000170de800 Exception <a 'java/lang/ArrayIndexOutOfBoundsException'> (0x00000000eb2af448) thrown at [D:\re\workspace\8-2-build-windows-amd64-cygwin\jdk8u5\2488\hotspot\src\share\vm\runtime\sharedRuntime.cpp, line 595]

Events (10 events):
Event: 8.582 Thread 0x000000001714a800 DEOPT PACKING pc=0x0000000003175239 sp=0x0000000017d6e660
Event: 8.582 Thread 0x000000001714a800 DEOPT UNPACKING pc=0x0000000002d77604 sp=0x0000000017d6e490 mode 0
Event: 8.606 Thread 0x0000000017181000 DEOPT PACKING pc=0x0000000003119b9c sp=0x0000000017b6e910
Event: 8.606 Thread 0x0000000017181000 DEOPT UNPACKING pc=0x0000000002d77604 sp=0x0000000017b6e690 mode 0
Event: 8.607 loading class java/util/HashMap$KeySet
Event: 8.607 loading class java/util/HashMap$KeySet done
Event: 8.607 loading class java/util/HashMap$KeyIterator
Event: 8.608 loading class java/util/HashMap$KeyIterator done
Event: 8.617 Thread 0x0000000017181000 DEOPT PACKING pc=0x0000000003175239 sp=0x0000000017b6e8f0
Event: 8.617 Thread 0x0000000017181000 DEOPT UNPACKING pc=0x0000000002d77604 sp=0x0000000017b6e720 mode 0


Dynamic libraries:
0x00007ff76f6a0000 - 0x00007ff76f6d4000 	C:\Program Files\Java\jdk1.8.0_05\bin\java.exe
0x00007ffe6db50000 - 0x00007ffe6dd11000 	C:\WINDOWS\SYSTEM32\ntdll.dll
0x00007ffe6d210000 - 0x00007ffe6d2bd000 	C:\WINDOWS\system32\KERNEL32.DLL
0x00007ffe6aab0000 - 0x00007ffe6ac98000 	C:\WINDOWS\system32\KERNELBASE.dll
0x00007ffe6b5e0000 - 0x00007ffe6b687000 	C:\WINDOWS\system32\ADVAPI32.dll
0x00007ffe6d980000 - 0x00007ffe6da1d000 	C:\WINDOWS\system32\msvcrt.dll
0x00007ffe6d000000 - 0x00007ffe6d05b000 	C:\WINDOWS\system32\sechost.dll
0x00007ffe6da30000 - 0x00007ffe6db4c000 	C:\WINDOWS\system32\RPCRT4.dll
0x00007ffe6cd80000 - 0x00007ffe6ced6000 	C:\WINDOWS\system32\USER32.dll
0x00007ffe6b690000 - 0x00007ffe6b816000 	C:\WINDOWS\system32\GDI32.dll
0x00007ffe5d390000 - 0x00007ffe5d604000 	C:\WINDOWS\WinSxS\amd64_microsoft.windows.common-controls_6595b64144ccf1df_6.0.10586.589_none_a2ddb3caa539acce\COMCTL32.dll
0x00007ffe6b270000 - 0x00007ffe6b4ed000 	C:\WINDOWS\system32\combase.dll
0x00007ffe6acf0000 - 0x00007ffe6ad5a000 	C:\WINDOWS\system32\bcryptPrimitives.dll
0x00007ffe6b4f0000 - 0x00007ffe6b52b000 	C:\WINDOWS\system32\IMM32.DLL
0x000000005ea00000 - 0x000000005ead2000 	C:\Program Files\Java\jdk1.8.0_05\jre\bin\msvcr100.dll
0x000000005e1d0000 - 0x000000005e9fa000 	C:\Program Files\Java\jdk1.8.0_05\jre\bin\server\jvm.dll
0x00007ffe6cff0000 - 0x00007ffe6cff8000 	C:\WINDOWS\system32\PSAPI.DLL
0x00007ffe49240000 - 0x00007ffe49249000 	C:\WINDOWS\SYSTEM32\WSOCK32.dll
0x00007ffe6af50000 - 0x00007ffe6afbb000 	C:\WINDOWS\system32\WS2_32.dll
0x00007ffe683c0000 - 0x00007ffe683e3000 	C:\WINDOWS\SYSTEM32\WINMM.dll
0x00007ffe68390000 - 0x00007ffe683bc000 	C:\WINDOWS\SYSTEM32\WINMMBASE.dll
0x00007ffe6aca0000 - 0x00007ffe6ace3000 	C:\WINDOWS\system32\cfgmgr32.dll
0x000000005e1c0000 - 0x000000005e1cf000 	C:\Program Files\Java\jdk1.8.0_05\jre\bin\verify.dll
0x000000005e190000 - 0x000000005e1b8000 	C:\Program Files\Java\jdk1.8.0_05\jre\bin\java.dll
0x000000005e170000 - 0x000000005e186000 	C:\Program Files\Java\jdk1.8.0_05\jre\bin\zip.dll
0x00007ffe6b820000 - 0x00007ffe6cd7c000 	C:\WINDOWS\system32\SHELL32.dll
0x00007ffe6a200000 - 0x00007ffe6a845000 	C:\WINDOWS\system32\windows.storage.dll
0x00007ffe6d770000 - 0x00007ffe6d7c2000 	C:\WINDOWS\system32\shlwapi.dll
0x00007ffe6a170000 - 0x00007ffe6a17f000 	C:\WINDOWS\system32\kernel.appcore.dll
0x00007ffe6ad60000 - 0x00007ffe6ae15000 	C:\WINDOWS\system32\shcore.dll
0x00007ffe6a1b0000 - 0x00007ffe6a1fb000 	C:\WINDOWS\system32\powrprof.dll
0x00007ffe6a190000 - 0x00007ffe6a1a4000 	C:\WINDOWS\system32\profapi.dll
0x00007ffe62310000 - 0x00007ffe6249c000 	C:\WINDOWS\SYSTEM32\dbghelp.dll

VM Arguments:
jvm_args: -Djava.awt.headless=true -Xmx1024M -Dfile.encoding=windows-1252 -Duser.country=ES -Duser.language=es -Duser.variant 
java_command: com.android.dx.command.Main --dex --force-jumbo --num-threads=4 --multi-dex --output C:\Users\Randall\Desktop\ReadIt\app\build\intermediates\transforms\dex\debug\folders\1000\10\com.google.android.gms-play-services-analytics-impl-9.6.1_930e44dbdc58b2f5cd1358f07ea8399560d47e35 C:\Users\Randall\Desktop\ReadIt\app\build\intermediates\exploded-aar\com.google.android.gms\play-services-analytics-impl\9.6.1\jars\classes.jar
java_class_path (initial): C:\Users\Randall\AppData\Local\Android\sdk\build-tools\24.0.3\lib\dx.jar
Launcher Type: SUN_STANDARD

Environment Variables:
PATH=C:\Program Files\Java\jdk1.8.0_05\bin;C:\ProgramData\Oracle\Java\javapath;C:\WINDOWS\system32;C:\WINDOWS;C:\WINDOWS\System32\Wbem;C:\WINDOWS\System32\WindowsPowerShell\v1.0\;C:\Program Files\Microsoft SQL Server\110\Tools\Binn\;C:\Program Files\Microsoft SQL Server\120\DTS\Binn\;C:\Program Files\Microsoft SQL Server\Client SDK\ODBC\110\Tools\Binn\;C:\Program Files (x86)\Microsoft SQL Server\120\Tools\Binn\;C:\Program Files\Microsoft SQL Server\120\Tools\Binn\;C:\Program Files (x86)\Microsoft SQL Server\120\Tools\Binn\ManagementStudio\;C:\Program Files (x86)\Microsoft SQL Server\120\DTS\Binn\;C:\Program Files (x86)\Intel\OpenCL SDK\2.0\bin\x86;C:\Program Files (x86)\Intel\OpenCL SDK\2.0\bin\x64;C:\Program Files\Microsoft\Web Platform Installer\;C:\Users\Randall\AppData\Local\Code\bin;C:\Users\Randall\Desktop\Arduinocosas\;C:\Program Files\Intel\WiFi\bin\;C:\Program Files\Common Files\Intel\WirelessCommon\;C:\Program Files\Git\cmd;C:\gradle-2.9\bin;C:\Program Files (x86)\Skype\Phone\;C:\Ruby22\bin;C:\Python27\;C:\Python27\Scripts;C:\WINDOWS\Microsoft.NET\Framework\v3.5;C:\Users\Randall\Desktop\Arduinocosas\;C:\Program Files\Intel\WiFi\bin\;C:\Program Files\Common Files\Intel\WirelessCommon\;C:\Program Files (x86)\Microsoft VS Code\bin
USERNAME=Randall
OS=Windows_NT
PROCESSOR_IDENTIFIER=Intel64 Family 6 Model 42 Stepping 7, GenuineIntel



---------------  S Y S T E M  ---------------

OS: Windows 8.1 , 64 bit Build 9600 

CPU:total 4 (2 cores per cpu, 2 threads per core) family 6 model 42 stepping 7, cmov, cx8, fxsr, mmx, sse, sse2, sse3, ssse3, sse4.1, sse4.2, popcnt, avx, aes, clmul, ht, tsc, tscinvbit

Memory: 4k page, physical 8297216k(435140k free), swap 9345792k(5192k free)

vm_info: Java HotSpot(TM) 64-Bit Server VM (25.5-b02) for windows-amd64 JRE (1.8.0_05-b13), built on Mar 18 2014 01:08:39 by "java_re" with MS VC++ 10.0 (VS2010)

time: Thu Sep 29 22:16:31 2016
elapsed time: 8 seconds

