#
# There is insufficient memory for the Java Runtime Environment to continue.
# Native memory allocation (malloc) failed to allocate 509216 bytes for Chunk::new
# Possible reasons:
#   The system is out of physical RAM or swap space
#   In 32 bit mode, the process size limit was hit
# Possible solutions:
#   Reduce memory load on the system
#   Increase physical memory or swap space
#   Check if swap backing store is full
#   Use 64 bit Java on a 64 bit OS
#   Decrease Java heap size (-Xmx/-Xms)
#   Decrease number of Java threads
#   Decrease Java thread stack sizes (-Xss)
#   Set larger code cache with -XX:ReservedCodeCacheSize=
# This output file may be truncated or incomplete.
#
#  Out of Memory Error (allocation.cpp:388), pid=232, tid=3844
#
# JRE version: Java(TM) SE Runtime Environment (8.0_05-b13) (build 1.8.0_05-b13)
# Java VM: Java HotSpot(TM) 64-Bit Server VM (25.5-b02 mixed mode windows-amd64 compressed oops)
# Failed to write core dump. Minidumps are not enabled by default on client versions of Windows
#

---------------  T H R E A D  ---------------

Current thread (0x0000000014b7d000):  JavaThread "C2 CompilerThread0" daemon [_thread_in_native, id=3844, stack(0x00000000160d0000,0x00000000161d0000)]

Stack: [0x00000000160d0000,0x00000000161d0000]
Native frames: (J=compiled Java code, j=interpreted, Vv=VM code, C=native code)
V  [jvm.dll+0x308dea]
V  [jvm.dll+0x25def1]
V  [jvm.dll+0x25eb0f]
V  [jvm.dll+0x2564e5]
V  [jvm.dll+0xbcfc5]
V  [jvm.dll+0xbd45c]
V  [jvm.dll+0x44d422]
V  [jvm.dll+0x48e13f]
V  [jvm.dll+0x442075]
V  [jvm.dll+0x44366b]
V  [jvm.dll+0x427532]
V  [jvm.dll+0x96702]
V  [jvm.dll+0x96ef3]
V  [jvm.dll+0x2232c4]
V  [jvm.dll+0x27baca]
C  [msvcr100.dll+0x21d9f]
C  [msvcr100.dll+0x21e3b]
C  [KERNEL32.DLL+0x18102]
C  [ntdll.dll+0x5c5b4]


Current CompileTask:
C2:    952  694       4       com.android.dx.ssa.SsaBasicBlock::forEachInsn (37 bytes)


---------------  P R O C E S S  ---------------

Java Threads: ( => current thread )
  0x00000000167a1000 JavaThread "pool-2-thread-4" [_thread_in_Java, id=9148, stack(0x0000000016dd0000,0x0000000016ed0000)]
  0x00000000167a0000 JavaThread "pool-2-thread-3" [_thread_in_Java, id=6624, stack(0x0000000016cd0000,0x0000000016dd0000)]
  0x000000001679f800 JavaThread "pool-2-thread-2" [_thread_in_Java, id=5344, stack(0x0000000016bd0000,0x0000000016cd0000)]
  0x000000001672d000 JavaThread "pool-3-thread-1" [_thread_blocked, id=6468, stack(0x0000000016ad0000,0x0000000016bd0000)]
  0x0000000016725800 JavaThread "pool-2-thread-1" [_thread_in_Java, id=5236, stack(0x00000000169d0000,0x0000000016ad0000)]
  0x0000000014bdb800 JavaThread "Service Thread" daemon [_thread_blocked, id=5080, stack(0x00000000163d0000,0x00000000164d0000)]
  0x0000000014bd1000 JavaThread "C1 CompilerThread2" daemon [_thread_blocked, id=2252, stack(0x00000000162d0000,0x00000000163d0000)]
  0x0000000014b82800 JavaThread "C2 CompilerThread1" daemon [_thread_blocked, id=7728, stack(0x00000000161d0000,0x00000000162d0000)]
=>0x0000000014b7d000 JavaThread "C2 CompilerThread0" daemon [_thread_in_native, id=3844, stack(0x00000000160d0000,0x00000000161d0000)]
  0x0000000014b7c000 JavaThread "Attach Listener" daemon [_thread_blocked, id=4752, stack(0x0000000015fd0000,0x00000000160d0000)]
  0x0000000014b7a000 JavaThread "Signal Dispatcher" daemon [_thread_blocked, id=228, stack(0x0000000015ed0000,0x0000000015fd0000)]
  0x000000000249f800 JavaThread "Finalizer" daemon [_thread_blocked, id=9172, stack(0x0000000015dd0000,0x0000000015ed0000)]
  0x000000000249c800 JavaThread "Reference Handler" daemon [_thread_blocked, id=4460, stack(0x0000000015cd0000,0x0000000015dd0000)]
  0x0000000000a9d800 JavaThread "main" [_thread_in_Java, id=8620, stack(0x00000000022b0000,0x00000000023b0000)]

Other Threads:
  0x0000000014b47000 VMThread [stack: 0x0000000015bd0000,0x0000000015cd0000] [id=8712]
  0x0000000014bde800 WatcherThread [stack: 0x00000000168d0000,0x00000000169d0000] [id=6788]

VM state:not at safepoint (normal execution)

VM Mutex/Monitor currently owned by a thread: None

Heap:
 PSYoungGen      total 5632K, used 5475K [0x00000000eab00000, 0x00000000eb200000, 0x0000000100000000)
  eden space 4096K, 96% used [0x00000000eab00000,0x00000000eaedf350,0x00000000eaf00000)
  from space 1536K, 98% used [0x00000000eaf00000,0x00000000eb079b10,0x00000000eb080000)
  to   space 1536K, 0% used [0x00000000eb080000,0x00000000eb080000,0x00000000eb200000)
 ParOldGen       total 129536K, used 1389K [0x00000000c0000000, 0x00000000c7e80000, 0x00000000eab00000)
  object space 129536K, 1% used [0x00000000c0000000,0x00000000c015b758,0x00000000c7e80000)
 Metaspace       used 5542K, capacity 6640K, committed 6784K, reserved 1056768K
  class space    used 591K, capacity 616K, committed 640K, reserved 1048576K

Card table byte_map: [0x0000000011870000,0x0000000011a80000] byte_map_base: 0x0000000011270000

Marking Bits: (ParMarkBitMap*) 0x000000005e9813b0
 Begin Bits: [0x0000000011fe0000, 0x0000000012fe0000)
 End Bits:   [0x0000000012fe0000, 0x0000000013fe0000)

Polling page: 0x0000000000670000

CodeCache: size=245760Kb used=2712Kb max_used=2723Kb free=243047Kb
 bounds [0x00000000024b0000, 0x0000000002760000, 0x00000000114b0000]
 total_blobs=1007 nmethods=741 adapters=179
 compilation: disabled (not enough contiguous free space left)

Compilation events (10 events):
Event: 0.916 Thread 0x0000000014bd1000 nmethod 704 0x0000000002733b10 code [0x0000000002733c60, 0x0000000002733e10]
Event: 0.916 Thread 0x0000000014bd1000  711       3       com.android.dx.util.IntList::<init> (6 bytes)
Event: 0.916 Thread 0x0000000014bd1000 nmethod 711 0x0000000002733790 code [0x0000000002733900, 0x0000000002733a88]
Event: 0.916 Thread 0x0000000014bd1000  709       3       com.android.dx.ssa.back.FirstFitLocalCombiningAllocator$1::visitNonMoveInsn (6 bytes)
Event: 0.916 Thread 0x0000000014bd1000 nmethod 709 0x0000000002733410 code [0x0000000002733580, 0x0000000002733708]
Event: 0.916 Thread 0x0000000014bd1000  696       3       com.android.dx.ssa.MoveParamCombiner$1::visitNonMoveInsn (213 bytes)
Event: 0.916 Thread 0x0000000014b82800 nmethod 714 0x0000000002732f90 code [0x00000000027330e0, 0x0000000002733208]
Event: 0.916 Thread 0x0000000014b82800  715       4       com.android.dx.util.MutabilityControl::<init> (10 bytes)
Event: 0.916 Thread 0x0000000014b82800 nmethod 715 0x00000000026d0a90 code [0x00000000026d0bc0, 0x00000000026d0c18]
Event: 0.916 Thread 0x0000000014b82800  716       4       com.android.dx.rop.type.Type::hashCode (8 bytes)

GC Heap History (10 events):
Event: 0.325 GC heap before
{Heap before GC invocations=3 (full 0):
 PSYoungGen      total 1536K, used 1520K [0x00000000eab00000, 0x00000000ead00000, 0x0000000100000000)
  eden space 1024K, 100% used [0x00000000eab00000,0x00000000eac00000,0x00000000eac00000)
  from space 512K, 96% used [0x00000000eac80000,0x00000000eacfc010,0x00000000ead00000)
  to   space 512K, 0% used [0x00000000eac00000,0x00000000eac00000,0x00000000eac80000)
 ParOldGen       total 129536K, used 122K [0x00000000c0000000, 0x00000000c7e80000, 0x00000000eab00000)
  object space 129536K, 0% used [0x00000000c0000000,0x00000000c001eaa8,0x00000000c7e80000)
 Metaspace       used 3415K, capacity 4720K, committed 4864K, reserved 1056768K
  class space    used 374K, capacity 424K, committed 512K, reserved 1048576K
Event: 0.331 GC heap after
Heap after GC invocations=3 (full 0):
 PSYoungGen      total 1536K, used 496K [0x00000000eab00000, 0x00000000eae00000, 0x0000000100000000)
  eden space 1024K, 0% used [0x00000000eab00000,0x00000000eab00000,0x00000000eac00000)
  from space 512K, 96% used [0x00000000eac00000,0x00000000eac7c010,0x00000000eac80000)
  to   space 512K, 0% used [0x00000000ead80000,0x00000000ead80000,0x00000000eae00000)
 ParOldGen       total 129536K, used 336K [0x00000000c0000000, 0x00000000c7e80000, 0x00000000eab00000)
  object space 129536K, 0% used [0x00000000c0000000,0x00000000c00542b8,0x00000000c7e80000)
 Metaspace       used 3415K, capacity 4720K, committed 4864K, reserved 1056768K
  class space    used 374K, capacity 424K, committed 512K, reserved 1048576K
}
Event: 0.345 GC heap before
{Heap before GC invocations=4 (full 0):
 PSYoungGen      total 1536K, used 1520K [0x00000000eab00000, 0x00000000eae00000, 0x0000000100000000)
  eden space 1024K, 100% used [0x00000000eab00000,0x00000000eac00000,0x00000000eac00000)
  from space 512K, 96% used [0x00000000eac00000,0x00000000eac7c010,0x00000000eac80000)
  to   space 512K, 0% used [0x00000000ead80000,0x00000000ead80000,0x00000000eae00000)
 ParOldGen       total 129536K, used 336K [0x00000000c0000000, 0x00000000c7e80000, 0x00000000eab00000)
  object space 129536K, 0% used [0x00000000c0000000,0x00000000c00542b8,0x00000000c7e80000)
 Metaspace       used 3425K, capacity 4720K, committed 4864K, reserved 1056768K
  class space    used 374K, capacity 424K, committed 512K, reserved 1048576K
Event: 0.354 GC heap after
Heap after GC invocations=4 (full 0):
 PSYoungGen      total 2560K, used 496K [0x00000000eab00000, 0x00000000eae00000, 0x0000000100000000)
  eden space 2048K, 0% used [0x00000000eab00000,0x00000000eab00000,0x00000000ead00000)
  from space 512K, 96% used [0x00000000ead80000,0x00000000eadfc010,0x00000000eae00000)
  to   space 512K, 0% used [0x00000000ead00000,0x00000000ead00000,0x00000000ead80000)
 ParOldGen       total 129536K, used 344K [0x00000000c0000000, 0x00000000c7e80000, 0x00000000eab00000)
  object space 129536K, 0% used [0x00000000c0000000,0x00000000c00562b8,0x00000000c7e80000)
 Metaspace       used 3425K, capacity 4720K, committed 4864K, reserved 1056768K
  class space    used 374K, capacity 424K, committed 512K, reserved 1048576K
}
Event: 0.534 GC heap before
{Heap before GC invocations=5 (full 0):
 PSYoungGen      total 2560K, used 2544K [0x00000000eab00000, 0x00000000eae00000, 0x0000000100000000)
  eden space 2048K, 100% used [0x00000000eab00000,0x00000000ead00000,0x00000000ead00000)
  from space 512K, 96% used [0x00000000ead80000,0x00000000eadfc010,0x00000000eae00000)
  to   space 512K, 0% used [0x00000000ead00000,0x00000000ead00000,0x00000000ead80000)
 ParOldGen       total 129536K, used 344K [0x00000000c0000000, 0x00000000c7e80000, 0x00000000eab00000)
  object space 129536K, 0% used [0x00000000c0000000,0x00000000c00562b8,0x00000000c7e80000)
 Metaspace       used 3891K, capacity 5168K, committed 5376K, reserved 1056768K
  class space    used 442K, capacity 488K, committed 512K, reserved 1048576K
Event: 0.537 GC heap after
Heap after GC invocations=5 (full 0):
 PSYoungGen      total 2560K, used 499K [0x00000000eab00000, 0x00000000eb200000, 0x0000000100000000)
  eden space 2048K, 0% used [0x00000000eab00000,0x00000000eab00000,0x00000000ead00000)
  from space 512K, 97% used [0x00000000ead00000,0x00000000ead7ce50,0x00000000ead80000)
  to   space 1536K, 0% used [0x00000000eb080000,0x00000000eb080000,0x00000000eb200000)
 ParOldGen       total 129536K, used 880K [0x00000000c0000000, 0x00000000c7e80000, 0x00000000eab00000)
  object space 129536K, 0% used [0x00000000c0000000,0x00000000c00dc3e8,0x00000000c7e80000)
 Metaspace       used 3891K, capacity 5168K, committed 5376K, reserved 1056768K
  class space    used 442K, capacity 488K, committed 512K, reserved 1048576K
}
Event: 0.607 GC heap before
{Heap before GC invocations=6 (full 0):
 PSYoungGen      total 2560K, used 2547K [0x00000000eab00000, 0x00000000eb200000, 0x0000000100000000)
  eden space 2048K, 100% used [0x00000000eab00000,0x00000000ead00000,0x00000000ead00000)
  from space 512K, 97% used [0x00000000ead00000,0x00000000ead7ce50,0x00000000ead80000)
  to   space 1536K, 0% used [0x00000000eb080000,0x00000000eb080000,0x00000000eb200000)
 ParOldGen       total 129536K, used 880K [0x00000000c0000000, 0x00000000c7e80000, 0x00000000eab00000)
  object space 129536K, 0% used [0x00000000c0000000,0x00000000c00dc3e8,0x00000000c7e80000)
 Metaspace       used 4436K, capacity 5648K, committed 6016K, reserved 1056768K
  class space    used 492K, capacity 520K, committed 640K, reserved 1048576K
Event: 0.611 GC heap after
Heap after GC invocations=6 (full 0):
 PSYoungGen      total 5632K, used 1213K [0x00000000eab00000, 0x00000000eb200000, 0x0000000100000000)
  eden space 4096K, 0% used [0x00000000eab00000,0x00000000eab00000,0x00000000eaf00000)
  from space 1536K, 79% used [0x00000000eb080000,0x00000000eb1af6f8,0x00000000eb200000)
  to   space 1536K, 0% used [0x00000000eaf00000,0x00000000eaf00000,0x00000000eb080000)
 ParOldGen       total 129536K, used 888K [0x00000000c0000000, 0x00000000c7e80000, 0x00000000eab00000)
  object space 129536K, 0% used [0x00000000c0000000,0x00000000c00de3e8,0x00000000c7e80000)
 Metaspace       used 4436K, capacity 5648K, committed 6016K, reserved 1056768K
  class space    used 492K, capacity 520K, committed 640K, reserved 1048576K
}
Event: 0.793 GC heap before
{Heap before GC invocations=7 (full 0):
 PSYoungGen      total 5632K, used 5309K [0x00000000eab00000, 0x00000000eb200000, 0x0000000100000000)
  eden space 4096K, 100% used [0x00000000eab00000,0x00000000eaf00000,0x00000000eaf00000)
  from space 1536K, 79% used [0x00000000eb080000,0x00000000eb1af6f8,0x00000000eb200000)
  to   space 1536K, 0% used [0x00000000eaf00000,0x00000000eaf00000,0x00000000eb080000)
 ParOldGen       total 129536K, used 888K [0x00000000c0000000, 0x00000000c7e80000, 0x00000000eab00000)
  object space 129536K, 0% used [0x00000000c0000000,0x00000000c00de3e8,0x00000000c7e80000)
 Metaspace       used 5337K, capacity 6448K, committed 6528K, reserved 1056768K
  class space    used 587K, capacity 616K, committed 640K, reserved 1048576K
Event: 0.802 GC heap after
Heap after GC invocations=7 (full 0):
 PSYoungGen      total 5632K, used 1510K [0x00000000eab00000, 0x00000000eb200000, 0x0000000100000000)
  eden space 4096K, 0% used [0x00000000eab00000,0x00000000eab00000,0x00000000eaf00000)
  from space 1536K, 98% used [0x00000000eaf00000,0x00000000eb079b10,0x00000000eb080000)
  to   space 1536K, 0% used [0x00000000eb080000,0x00000000eb080000,0x00000000eb200000)
 ParOldGen       total 129536K, used 1389K [0x00000000c0000000, 0x00000000c7e80000, 0x00000000eab00000)
  object space 129536K, 1% used [0x00000000c0000000,0x00000000c015b758,0x00000000c7e80000)
 Metaspace       used 5337K, capacity 6448K, committed 6528K, reserved 1056768K
  class space    used 587K, capacity 616K, committed 640K, reserved 1048576K
}

Deoptimization events (0 events):
No events

Internal exceptions (10 events):
Event: 0.770 Thread 0x0000000000a9d800 Exception <a 'java/security/PrivilegedActionException'> (0x00000000ead70510) thrown at [D:\re\workspace\8-2-build-windows-amd64-cygwin\jdk8u5\2488\hotspot\src\share\vm\prims\jvm.cpp, line 1248]
Event: 0.771 Thread 0x00000000167a1000 Exception <a 'java/security/PrivilegedActionException'> (0x00000000eadc2268) thrown at [D:\re\workspace\8-2-build-windows-amd64-cygwin\jdk8u5\2488\hotspot\src\share\vm\prims\jvm.cpp, line 1248]
Event: 0.772 Thread 0x00000000167a1000 Exception <a 'java/security/PrivilegedActionException'> (0x00000000eae0d460) thrown at [D:\re\workspace\8-2-build-windows-amd64-cygwin\jdk8u5\2488\hotspot\src\share\vm\prims\jvm.cpp, line 1248]
Event: 0.773 Thread 0x0000000000a9d800 Exception <a 'java/security/PrivilegedActionException'> (0x00000000eae02218) thrown at [D:\re\workspace\8-2-build-windows-amd64-cygwin\jdk8u5\2488\hotspot\src\share\vm\prims\jvm.cpp, line 1248]
Event: 0.776 Thread 0x0000000000a9d800 Exception <a 'java/security/PrivilegedActionException'> (0x00000000eae07f48) thrown at [D:\re\workspace\8-2-build-windows-amd64-cygwin\jdk8u5\2488\hotspot\src\share\vm\prims\jvm.cpp, line 1248]
Event: 0.776 Thread 0x0000000000a9d800 Exception <a 'java/security/PrivilegedActionException'> (0x00000000eae1d430) thrown at [D:\re\workspace\8-2-build-windows-amd64-cygwin\jdk8u5\2488\hotspot\src\share\vm\prims\jvm.cpp, line 1248]
Event: 0.782 Thread 0x00000000167a0000 Exception <a 'java/security/PrivilegedActionException'> (0x00000000eae5f570) thrown at [D:\re\workspace\8-2-build-windows-amd64-cygwin\jdk8u5\2488\hotspot\src\share\vm\prims\jvm.cpp, line 1248]
Event: 0.785 Thread 0x0000000016725800 Exception <a 'java/security/PrivilegedActionException'> (0x00000000eae66e10) thrown at [D:\re\workspace\8-2-build-windows-amd64-cygwin\jdk8u5\2488\hotspot\src\share\vm\prims\jvm.cpp, line 1248]
Event: 0.807 Thread 0x0000000000a9d800 Exception <a 'java/security/PrivilegedActionException'> (0x00000000eab25a10) thrown at [D:\re\workspace\8-2-build-windows-amd64-cygwin\jdk8u5\2488\hotspot\src\share\vm\prims\jvm.cpp, line 1248]
Event: 0.888 Thread 0x00000000167a1000 Exception <a 'java/security/PrivilegedActionException'> (0x00000000eacb9f90) thrown at [D:\re\workspace\8-2-build-windows-amd64-cygwin\jdk8u5\2488\hotspot\src\share\vm\prims\jvm.cpp, line 1248]

Events (10 events):
Event: 0.807 loading class com/android/dx/cf/attrib/AttExceptions
Event: 0.807 loading class com/android/dx/cf/attrib/AttExceptions done
Event: 0.888 loading class com/android/dx/cf/code/Ropper$ExceptionHandlerSetup
Event: 0.888 loading class com/android/dx/cf/code/Ropper$ExceptionHandlerSetup done
Event: 0.889 loading class java/util/HashMap$Values
Event: 0.889 loading class java/util/HashMap$Values done
Event: 0.889 loading class java/util/HashMap$ValueIterator
Event: 0.890 loading class java/util/HashMap$ValueIterator done
Event: 0.890 loading class java/util/DualPivotQuicksort
Event: 0.890 loading class java/util/DualPivotQuicksort done


Dynamic libraries:
0x00007ff76f6a0000 - 0x00007ff76f6d4000 	C:\Program Files\Java\jdk1.8.0_05\bin\java.exe
0x00007ffe6db50000 - 0x00007ffe6dd11000 	C:\WINDOWS\SYSTEM32\ntdll.dll
0x00007ffe6d210000 - 0x00007ffe6d2bd000 	C:\WINDOWS\system32\KERNEL32.DLL
0x00007ffe6aab0000 - 0x00007ffe6ac98000 	C:\WINDOWS\system32\KERNELBASE.dll
0x00007ffe6b5e0000 - 0x00007ffe6b687000 	C:\WINDOWS\system32\ADVAPI32.dll
0x00007ffe6d980000 - 0x00007ffe6da1d000 	C:\WINDOWS\system32\msvcrt.dll
0x00007ffe6d000000 - 0x00007ffe6d05b000 	C:\WINDOWS\system32\sechost.dll
0x00007ffe6da30000 - 0x00007ffe6db4c000 	C:\WINDOWS\system32\RPCRT4.dll
0x00007ffe6cd80000 - 0x00007ffe6ced6000 	C:\WINDOWS\system32\USER32.dll
0x00007ffe6b690000 - 0x00007ffe6b816000 	C:\WINDOWS\system32\GDI32.dll
0x00007ffe5d390000 - 0x00007ffe5d604000 	C:\WINDOWS\WinSxS\amd64_microsoft.windows.common-controls_6595b64144ccf1df_6.0.10586.589_none_a2ddb3caa539acce\COMCTL32.dll
0x00007ffe6b270000 - 0x00007ffe6b4ed000 	C:\WINDOWS\system32\combase.dll
0x00007ffe6acf0000 - 0x00007ffe6ad5a000 	C:\WINDOWS\system32\bcryptPrimitives.dll
0x00007ffe6b4f0000 - 0x00007ffe6b52b000 	C:\WINDOWS\system32\IMM32.DLL
0x000000005ea00000 - 0x000000005ead2000 	C:\Program Files\Java\jdk1.8.0_05\jre\bin\msvcr100.dll
0x000000005e1d0000 - 0x000000005e9fa000 	C:\Program Files\Java\jdk1.8.0_05\jre\bin\server\jvm.dll
0x00007ffe6cff0000 - 0x00007ffe6cff8000 	C:\WINDOWS\system32\PSAPI.DLL
0x00007ffe49240000 - 0x00007ffe49249000 	C:\WINDOWS\SYSTEM32\WSOCK32.dll
0x00007ffe6af50000 - 0x00007ffe6afbb000 	C:\WINDOWS\system32\WS2_32.dll
0x00007ffe683c0000 - 0x00007ffe683e3000 	C:\WINDOWS\SYSTEM32\WINMM.dll
0x00007ffe68390000 - 0x00007ffe683bc000 	C:\WINDOWS\SYSTEM32\WINMMBASE.dll
0x00007ffe6aca0000 - 0x00007ffe6ace3000 	C:\WINDOWS\system32\cfgmgr32.dll
0x000000005e1c0000 - 0x000000005e1cf000 	C:\Program Files\Java\jdk1.8.0_05\jre\bin\verify.dll
0x000000005e190000 - 0x000000005e1b8000 	C:\Program Files\Java\jdk1.8.0_05\jre\bin\java.dll
0x000000005e170000 - 0x000000005e186000 	C:\Program Files\Java\jdk1.8.0_05\jre\bin\zip.dll
0x00007ffe6b820000 - 0x00007ffe6cd7c000 	C:\WINDOWS\system32\SHELL32.dll
0x00007ffe6a200000 - 0x00007ffe6a845000 	C:\WINDOWS\system32\windows.storage.dll
0x00007ffe6d770000 - 0x00007ffe6d7c2000 	C:\WINDOWS\system32\shlwapi.dll
0x00007ffe6a170000 - 0x00007ffe6a17f000 	C:\WINDOWS\system32\kernel.appcore.dll
0x00007ffe6ad60000 - 0x00007ffe6ae15000 	C:\WINDOWS\system32\shcore.dll
0x00007ffe6a1b0000 - 0x00007ffe6a1fb000 	C:\WINDOWS\system32\powrprof.dll
0x00007ffe6a190000 - 0x00007ffe6a1a4000 	C:\WINDOWS\system32\profapi.dll
0x00007ffe62310000 - 0x00007ffe6249c000 	C:\WINDOWS\SYSTEM32\dbghelp.dll

VM Arguments:
jvm_args: -Djava.awt.headless=true -Xmx1024M -Dfile.encoding=windows-1252 -Duser.country=ES -Duser.language=es -Duser.variant 
java_command: com.android.dx.command.Main --dex --force-jumbo --num-threads=4 --multi-dex --output C:\Users\Randall\Desktop\ReadIt\app\build\intermediates\transforms\dex\debug\folders\1000\10\com.android.support-support-core-ui-24.2.1_486ccdf88d208ff4cf6892c8d1d2bb85b334de1b C:\Users\Randall\Desktop\ReadIt\app\build\intermediates\exploded-aar\com.android.support\support-core-ui\24.2.1\jars\classes.jar
java_class_path (initial): C:\Users\Randall\AppData\Local\Android\sdk\build-tools\24.0.3\lib\dx.jar
Launcher Type: SUN_STANDARD

Environment Variables:
PATH=C:\Program Files\Java\jdk1.8.0_05\bin;C:\ProgramData\Oracle\Java\javapath;C:\WINDOWS\system32;C:\WINDOWS;C:\WINDOWS\System32\Wbem;C:\WINDOWS\System32\WindowsPowerShell\v1.0\;C:\Program Files\Microsoft SQL Server\110\Tools\Binn\;C:\Program Files\Microsoft SQL Server\120\DTS\Binn\;C:\Program Files\Microsoft SQL Server\Client SDK\ODBC\110\Tools\Binn\;C:\Program Files (x86)\Microsoft SQL Server\120\Tools\Binn\;C:\Program Files\Microsoft SQL Server\120\Tools\Binn\;C:\Program Files (x86)\Microsoft SQL Server\120\Tools\Binn\ManagementStudio\;C:\Program Files (x86)\Microsoft SQL Server\120\DTS\Binn\;C:\Program Files (x86)\Intel\OpenCL SDK\2.0\bin\x86;C:\Program Files (x86)\Intel\OpenCL SDK\2.0\bin\x64;C:\Program Files\Microsoft\Web Platform Installer\;C:\Users\Randall\AppData\Local\Code\bin;C:\Users\Randall\Desktop\Arduinocosas\;C:\Program Files\Intel\WiFi\bin\;C:\Program Files\Common Files\Intel\WirelessCommon\;C:\Program Files\Git\cmd;C:\gradle-2.9\bin;C:\Program Files (x86)\Skype\Phone\;C:\Ruby22\bin;C:\Python27\;C:\Python27\Scripts;C:\WINDOWS\Microsoft.NET\Framework\v3.5;C:\Users\Randall\Desktop\Arduinocosas\;C:\Program Files\Intel\WiFi\bin\;C:\Program Files\Common Files\Intel\WirelessCommon\;C:\Program Files (x86)\Microsoft VS Code\bin
USERNAME=Randall
OS=Windows_NT
PROCESSOR_IDENTIFIER=Intel64 Family 6 Model 42 Stepping 7, GenuineIntel



---------------  S Y S T E M  ---------------

OS: Windows 8.1 , 64 bit Build 9600 

CPU:total 4 (2 cores per cpu, 2 threads per core) family 6 model 42 stepping 7, cmov, cx8, fxsr, mmx, sse, sse2, sse3, ssse3, sse4.1, sse4.2, popcnt, avx, aes, clmul, ht, tsc, tscinvbit

Memory: 4k page, physical 8297216k(602696k free), swap 9345792k(3252k free)

vm_info: Java HotSpot(TM) 64-Bit Server VM (25.5-b02) for windows-amd64 JRE (1.8.0_05-b13), built on Mar 18 2014 01:08:39 by "java_re" with MS VC++ 10.0 (VS2010)

time: Thu Sep 29 22:16:09 2016
elapsed time: 0 seconds

