#
# There is insufficient memory for the Java Runtime Environment to continue.
# Native memory allocation (malloc) failed to allocate 276816 bytes for Chunk::new
# Possible reasons:
#   The system is out of physical RAM or swap space
#   In 32 bit mode, the process size limit was hit
# Possible solutions:
#   Reduce memory load on the system
#   Increase physical memory or swap space
#   Check if swap backing store is full
#   Use 64 bit Java on a 64 bit OS
#   Decrease Java heap size (-Xmx/-Xms)
#   Decrease number of Java threads
#   Decrease Java thread stack sizes (-Xss)
#   Set larger code cache with -XX:ReservedCodeCacheSize=
# This output file may be truncated or incomplete.
#
#  Out of Memory Error (allocation.cpp:388), pid=6624, tid=6352
#
# JRE version: Java(TM) SE Runtime Environment (8.0_05-b13) (build 1.8.0_05-b13)
# Java VM: Java HotSpot(TM) 64-Bit Server VM (25.5-b02 mixed mode windows-amd64 compressed oops)
# Failed to write core dump. Minidumps are not enabled by default on client versions of Windows
#

---------------  T H R E A D  ---------------

Current thread (0x0000000015202800):  JavaThread "C2 CompilerThread1" daemon [_thread_in_native, id=6352, stack(0x0000000016850000,0x0000000016950000)]

Stack: [0x0000000016850000,0x0000000016950000]
Native frames: (J=compiled Java code, j=interpreted, Vv=VM code, C=native code)
V  [jvm.dll+0x308dea]


Current CompileTask:
C2:   8393 1659 %     4       sun.security.provider.SHA::implCompress @ 12 (491 bytes)


---------------  P R O C E S S  ---------------

Java Threads: ( => current thread )
  0x0000000016df0000 JavaThread "pool-1-thread-1" [_thread_in_vm, id=6648, stack(0x0000000018d20000,0x0000000018e20000)]
  0x0000000015258000 JavaThread "Service Thread" daemon [_thread_blocked, id=1172, stack(0x0000000016a50000,0x0000000016b50000)]
  0x0000000015251000 JavaThread "C1 CompilerThread2" daemon [_thread_blocked, id=5448, stack(0x0000000016950000,0x0000000016a50000)]
=>0x0000000015202800 JavaThread "C2 CompilerThread1" daemon [_thread_in_native, id=6352, stack(0x0000000016850000,0x0000000016950000)]
  0x00000000151fd000 JavaThread "C2 CompilerThread0" daemon [_thread_blocked, id=2648, stack(0x0000000016750000,0x0000000016850000)]
  0x00000000151fc000 JavaThread "Attach Listener" daemon [_thread_blocked, id=1976, stack(0x0000000016650000,0x0000000016750000)]
  0x00000000151fa000 JavaThread "Signal Dispatcher" daemon [_thread_blocked, id=3220, stack(0x0000000016550000,0x0000000016650000)]
  0x0000000002b1f800 JavaThread "Finalizer" daemon [_thread_blocked, id=5772, stack(0x0000000016450000,0x0000000016550000)]
  0x0000000002b1c800 JavaThread "Reference Handler" daemon [_thread_blocked, id=7752, stack(0x0000000016350000,0x0000000016450000)]

Other Threads:
  0x00000000151c7000 VMThread [stack: 0x0000000016250000,0x0000000016350000] [id=6084]
  0x000000001525c800 WatcherThread [stack: 0x0000000016b50000,0x0000000016c50000] [id=4092]

VM state:at safepoint (normal execution)

VM Mutex/Monitor currently owned by a thread:  ([mutex/lock_event])
[0x0000000000d8ceb0] Safepoint_lock - owner thread: 0x0000000000000000

Heap:
 PSYoungGen      total 16384K, used 1614K [0x00000000eab00000, 0x00000000ec600000, 0x0000000100000000)
  eden space 13312K, 3% used [0x00000000eab00000,0x00000000eab7bb10,0x00000000eb800000)
  from space 3072K, 36% used [0x00000000eb800000,0x00000000eb918010,0x00000000ebb00000)
  to   space 3072K, 0% used [0x00000000ec300000,0x00000000ec300000,0x00000000ec600000)
 ParOldGen       total 129536K, used 4731K [0x00000000c0000000, 0x00000000c7e80000, 0x00000000eab00000)
  object space 129536K, 3% used [0x00000000c0000000,0x00000000c049ec90,0x00000000c7e80000)
 Metaspace       used 6300K, capacity 7128K, committed 7424K, reserved 1056768K
  class space    used 638K, capacity 656K, committed 768K, reserved 1048576K

Card table byte_map: [0x0000000011ef0000,0x0000000012100000] byte_map_base: 0x00000000118f0000

Marking Bits: (ParMarkBitMap*) 0x000000005e9813b0
 Begin Bits: [0x0000000012660000, 0x0000000013660000)
 End Bits:   [0x0000000013660000, 0x0000000014660000)

Polling page: 0x0000000000d20000

CodeCache: size=245760Kb used=6315Kb max_used=6327Kb free=239444Kb
 bounds [0x0000000002b30000, 0x0000000003170000, 0x0000000011b30000]
 total_blobs=1927 nmethods=1657 adapters=184
 compilation: enabled

Compilation events (10 events):
Event: 8.324 Thread 0x0000000015202800 nmethod 1652 0x0000000003158210 code [0x0000000003158340, 0x00000000031583f8]
Event: 8.326 Thread 0x0000000015251000 1655       3       java.lang.Integer::reverseBytes (26 bytes)
Event: 8.326 Thread 0x0000000015251000 nmethod 1655 0x0000000003157b50 code [0x0000000003157ca0, 0x0000000003157df0]
Event: 8.371 Thread 0x00000000151fd000 1656       4       java.lang.Integer::reverseBytes (26 bytes)
Event: 8.371 Thread 0x00000000151fd000 nmethod 1656 0x0000000003157950 code [0x0000000003157a80, 0x0000000003157af8]
Event: 8.372 Thread 0x0000000015251000 1657       3       sun.security.provider.SHA::implCompress (491 bytes)
Event: 8.373 Thread 0x0000000015251000 nmethod 1657 0x000000000315f010 code [0x000000000315f200, 0x000000000315faa8]
Event: 8.374 Thread 0x0000000015251000 1658       3       sun.security.provider.ByteArrayAccess::b2iBig64 (614 bytes)
Event: 8.376 Thread 0x0000000015251000 nmethod 1658 0x000000000315da50 code [0x000000000315dc60, 0x000000000315e9a8]
Event: 8.379 Thread 0x0000000015202800 1659 %     4       sun.security.provider.SHA::implCompress @ 12 (491 bytes)

GC Heap History (10 events):
Event: 2.925 GC heap before
{Heap before GC invocations=7 (full 0):
 PSYoungGen      total 5632K, used 5216K [0x00000000eab00000, 0x00000000eb200000, 0x0000000100000000)
  eden space 4096K, 100% used [0x00000000eab00000,0x00000000eaf00000,0x00000000eaf00000)
  from space 1536K, 72% used [0x00000000eb080000,0x00000000eb198310,0x00000000eb200000)
  to   space 1536K, 0% used [0x00000000eaf00000,0x00000000eaf00000,0x00000000eb080000)
 ParOldGen       total 129536K, used 1291K [0x00000000c0000000, 0x00000000c7e80000, 0x00000000eab00000)
  object space 129536K, 0% used [0x00000000c0000000,0x00000000c0142d00,0x00000000c7e80000)
 Metaspace       used 5433K, capacity 6512K, committed 6784K, reserved 1056768K
  class space    used 580K, capacity 616K, committed 640K, reserved 1048576K
Event: 3.190 GC heap after
Heap after GC invocations=7 (full 0):
 PSYoungGen      total 5632K, used 1504K [0x00000000eab00000, 0x00000000eb700000, 0x0000000100000000)
  eden space 4096K, 0% used [0x00000000eab00000,0x00000000eab00000,0x00000000eaf00000)
  from space 1536K, 97% used [0x00000000eaf00000,0x00000000eb078340,0x00000000eb080000)
  to   space 2048K, 0% used [0x00000000eb500000,0x00000000eb500000,0x00000000eb700000)
 ParOldGen       total 129536K, used 1511K [0x00000000c0000000, 0x00000000c7e80000, 0x00000000eab00000)
  object space 129536K, 1% used [0x00000000c0000000,0x00000000c0179d30,0x00000000c7e80000)
 Metaspace       used 5433K, capacity 6512K, committed 6784K, reserved 1056768K
  class space    used 580K, capacity 616K, committed 640K, reserved 1048576K
}
Event: 3.418 GC heap before
{Heap before GC invocations=8 (full 0):
 PSYoungGen      total 5632K, used 5600K [0x00000000eab00000, 0x00000000eb700000, 0x0000000100000000)
  eden space 4096K, 100% used [0x00000000eab00000,0x00000000eaf00000,0x00000000eaf00000)
  from space 1536K, 97% used [0x00000000eaf00000,0x00000000eb078340,0x00000000eb080000)
  to   space 2048K, 0% used [0x00000000eb500000,0x00000000eb500000,0x00000000eb700000)
 ParOldGen       total 129536K, used 1511K [0x00000000c0000000, 0x00000000c7e80000, 0x00000000eab00000)
  object space 129536K, 1% used [0x00000000c0000000,0x00000000c0179d30,0x00000000c7e80000)
 Metaspace       used 5567K, capacity 6640K, committed 6784K, reserved 1056768K
  class space    used 580K, capacity 616K, committed 640K, reserved 1048576K
Event: 3.857 GC heap after
Heap after GC invocations=8 (full 0):
 PSYoungGen      total 10240K, used 1632K [0x00000000eab00000, 0x00000000eb700000, 0x0000000100000000)
  eden space 8192K, 0% used [0x00000000eab00000,0x00000000eab00000,0x00000000eb300000)
  from space 2048K, 79% used [0x00000000eb500000,0x00000000eb698018,0x00000000eb700000)
  to   space 2048K, 0% used [0x00000000eb300000,0x00000000eb300000,0x00000000eb500000)
 ParOldGen       total 129536K, used 1623K [0x00000000c0000000, 0x00000000c7e80000, 0x00000000eab00000)
  object space 129536K, 1% used [0x00000000c0000000,0x00000000c0195d50,0x00000000c7e80000)
 Metaspace       used 5567K, capacity 6640K, committed 6784K, reserved 1056768K
  class space    used 580K, capacity 616K, committed 640K, reserved 1048576K
}
Event: 4.327 GC heap before
{Heap before GC invocations=9 (full 0):
 PSYoungGen      total 10240K, used 9824K [0x00000000eab00000, 0x00000000eb700000, 0x0000000100000000)
  eden space 8192K, 100% used [0x00000000eab00000,0x00000000eb300000,0x00000000eb300000)
  from space 2048K, 79% used [0x00000000eb500000,0x00000000eb698018,0x00000000eb700000)
  to   space 2048K, 0% used [0x00000000eb300000,0x00000000eb300000,0x00000000eb500000)
 ParOldGen       total 129536K, used 1623K [0x00000000c0000000, 0x00000000c7e80000, 0x00000000eab00000)
  object space 129536K, 1% used [0x00000000c0000000,0x00000000c0195d50,0x00000000c7e80000)
 Metaspace       used 5664K, capacity 6768K, committed 7040K, reserved 1056768K
  class space    used 581K, capacity 616K, committed 640K, reserved 1048576K
Event: 4.333 GC heap after
Heap after GC invocations=9 (full 0):
 PSYoungGen      total 10240K, used 2032K [0x00000000eab00000, 0x00000000ebe00000, 0x0000000100000000)
  eden space 8192K, 0% used [0x00000000eab00000,0x00000000eab00000,0x00000000eb300000)
  from space 2048K, 99% used [0x00000000eb300000,0x00000000eb4fc028,0x00000000eb500000)
  to   space 3072K, 0% used [0x00000000ebb00000,0x00000000ebb00000,0x00000000ebe00000)
 ParOldGen       total 129536K, used 2651K [0x00000000c0000000, 0x00000000c7e80000, 0x00000000eab00000)
  object space 129536K, 2% used [0x00000000c0000000,0x00000000c0296d90,0x00000000c7e80000)
 Metaspace       used 5664K, capacity 6768K, committed 7040K, reserved 1056768K
  class space    used 581K, capacity 616K, committed 640K, reserved 1048576K
}
Event: 4.770 GC heap before
{Heap before GC invocations=10 (full 0):
 PSYoungGen      total 10240K, used 10224K [0x00000000eab00000, 0x00000000ebe00000, 0x0000000100000000)
  eden space 8192K, 100% used [0x00000000eab00000,0x00000000eb300000,0x00000000eb300000)
  from space 2048K, 99% used [0x00000000eb300000,0x00000000eb4fc028,0x00000000eb500000)
  to   space 3072K, 0% used [0x00000000ebb00000,0x00000000ebb00000,0x00000000ebe00000)
 ParOldGen       total 129536K, used 2651K [0x00000000c0000000, 0x00000000c7e80000, 0x00000000eab00000)
  object space 129536K, 2% used [0x00000000c0000000,0x00000000c0296d90,0x00000000c7e80000)
 Metaspace       used 5751K, capacity 6832K, committed 7040K, reserved 1056768K
  class space    used 588K, capacity 616K, committed 640K, reserved 1048576K
Event: 5.084 GC heap after
Heap after GC invocations=10 (full 0):
 PSYoungGen      total 16384K, used 2419K [0x00000000eab00000, 0x00000000ebe00000, 0x0000000100000000)
  eden space 13312K, 0% used [0x00000000eab00000,0x00000000eab00000,0x00000000eb800000)
  from space 3072K, 78% used [0x00000000ebb00000,0x00000000ebd5ced8,0x00000000ebe00000)
  to   space 3072K, 0% used [0x00000000eb800000,0x00000000eb800000,0x00000000ebb00000)
 ParOldGen       total 129536K, used 3575K [0x00000000c0000000, 0x00000000c7e80000, 0x00000000eab00000)
  object space 129536K, 2% used [0x00000000c0000000,0x00000000c037ddb8,0x00000000c7e80000)
 Metaspace       used 5751K, capacity 6832K, committed 7040K, reserved 1056768K
  class space    used 588K, capacity 616K, committed 640K, reserved 1048576K
}
Event: 7.970 GC heap before
{Heap before GC invocations=11 (full 0):
 PSYoungGen      total 16384K, used 15731K [0x00000000eab00000, 0x00000000ebe00000, 0x0000000100000000)
  eden space 13312K, 100% used [0x00000000eab00000,0x00000000eb800000,0x00000000eb800000)
  from space 3072K, 78% used [0x00000000ebb00000,0x00000000ebd5ced8,0x00000000ebe00000)
  to   space 3072K, 0% used [0x00000000eb800000,0x00000000eb800000,0x00000000ebb00000)
 ParOldGen       total 129536K, used 3575K [0x00000000c0000000, 0x00000000c7e80000, 0x00000000eab00000)
  object space 129536K, 2% used [0x00000000c0000000,0x00000000c037ddb8,0x00000000c7e80000)
 Metaspace       used 6005K, capacity 7024K, committed 7296K, reserved 1056768K
  class space    used 603K, capacity 616K, committed 640K, reserved 1048576K
Event: 8.146 GC heap after
Heap after GC invocations=11 (full 0):
 PSYoungGen      total 16384K, used 1120K [0x00000000eab00000, 0x00000000ec600000, 0x0000000100000000)
  eden space 13312K, 0% used [0x00000000eab00000,0x00000000eab00000,0x00000000eb800000)
  from space 3072K, 36% used [0x00000000eb800000,0x00000000eb918010,0x00000000ebb00000)
  to   space 3072K, 0% used [0x00000000ec300000,0x00000000ec300000,0x00000000ec600000)
 ParOldGen       total 129536K, used 4731K [0x00000000c0000000, 0x00000000c7e80000, 0x00000000eab00000)
  object space 129536K, 3% used [0x00000000c0000000,0x00000000c049ec90,0x00000000c7e80000)
 Metaspace       used 6005K, capacity 7024K, committed 7296K, reserved 1056768K
  class space    used 603K, capacity 616K, committed 640K, reserved 1048576K
}

Deoptimization events (10 events):
Event: 7.416 Thread 0x0000000016df0000 Uncommon trap: reason=bimorphic action=maybe_recompile pc=0x00000000030705fc method=java.util.HashMap.putVal(ILjava/lang/Object;Ljava/lang/Object;ZZ)Ljava/lang/Object; @ 203
Event: 7.674 Thread 0x0000000016df0000 Uncommon trap: reason=class_check action=maybe_recompile pc=0x0000000002ee9ab0 method=com.android.dx.util.FixedSizeList.equals(Ljava/lang/Object;)Z @ 25
Event: 7.678 Thread 0x0000000016df0000 Uncommon trap: reason=class_check action=maybe_recompile pc=0x0000000002ee9ab0 method=com.android.dx.util.FixedSizeList.equals(Ljava/lang/Object;)Z @ 25
Event: 7.679 Thread 0x0000000016df0000 Uncommon trap: reason=class_check action=maybe_recompile pc=0x0000000002ee9ab0 method=com.android.dx.util.FixedSizeList.equals(Ljava/lang/Object;)Z @ 25
Event: 7.679 Thread 0x0000000016df0000 Uncommon trap: reason=class_check action=maybe_recompile pc=0x0000000002ee9ab0 method=com.android.dx.util.FixedSizeList.equals(Ljava/lang/Object;)Z @ 25
Event: 8.225 Thread 0x0000000016df0000 Uncommon trap: reason=unreached action=reinterpret pc=0x0000000002e8fce4 method=java.util.Arrays.copyOf([Ljava/lang/Object;ILjava/lang/Class;)[Ljava/lang/Object; @ 3
Event: 8.228 Thread 0x0000000016df0000 Uncommon trap: reason=class_check action=maybe_recompile pc=0x000000000307054c method=java.util.HashMap.putVal(ILjava/lang/Object;Ljava/lang/Object;ZZ)Ljava/lang/Object; @ 56
Event: 8.229 Thread 0x0000000016df0000 Uncommon trap: reason=class_check action=maybe_recompile pc=0x00000000030705a0 method=java.util.HashMap.putVal(ILjava/lang/Object;Ljava/lang/Object;ZZ)Ljava/lang/Object; @ 152
Event: 8.229 Thread 0x0000000016df0000 Uncommon trap: reason=class_check action=maybe_recompile pc=0x000000000307054c method=java.util.HashMap.putVal(ILjava/lang/Object;Ljava/lang/Object;ZZ)Ljava/lang/Object; @ 56
Event: 8.229 Thread 0x0000000016df0000 Uncommon trap: reason=class_check action=maybe_recompile pc=0x0000000002faae40 method=java.util.HashMap.putVal(ILjava/lang/Object;Ljava/lang/Object;ZZ)Ljava/lang/Object; @ 56

Internal exceptions (10 events):
Event: 7.653 Thread 0x0000000016df0000 Exception <a 'java/security/PrivilegedActionException'> (0x00000000eb6dc730) thrown at [D:\re\workspace\8-2-build-windows-amd64-cygwin\jdk8u5\2488\hotspot\src\share\vm\prims\jvm.cpp, line 1248]
Event: 7.654 Thread 0x0000000016df0000 Exception <a 'java/security/PrivilegedActionException'> (0x00000000eb6e2db8) thrown at [D:\re\workspace\8-2-build-windows-amd64-cygwin\jdk8u5\2488\hotspot\src\share\vm\prims\jvm.cpp, line 1248]
Event: 7.655 Thread 0x0000000016df0000 Exception <a 'java/security/PrivilegedActionException'> (0x00000000eb6e7548) thrown at [D:\re\workspace\8-2-build-windows-amd64-cygwin\jdk8u5\2488\hotspot\src\share\vm\prims\jvm.cpp, line 1248]
Event: 7.664 Thread 0x0000000016df0000 Exception <a 'java/security/PrivilegedActionException'> (0x00000000eb6f5398) thrown at [D:\re\workspace\8-2-build-windows-amd64-cygwin\jdk8u5\2488\hotspot\src\share\vm\prims\jvm.cpp, line 1248]
Event: 7.665 Thread 0x0000000016df0000 Exception <a 'java/security/PrivilegedActionException'> (0x00000000eb6f8428) thrown at [D:\re\workspace\8-2-build-windows-amd64-cygwin\jdk8u5\2488\hotspot\src\share\vm\prims\jvm.cpp, line 1248]
Event: 7.668 Thread 0x0000000016df0000 Exception <a 'java/security/PrivilegedActionException'> (0x00000000eb6fb698) thrown at [D:\re\workspace\8-2-build-windows-amd64-cygwin\jdk8u5\2488\hotspot\src\share\vm\prims\jvm.cpp, line 1248]
Event: 7.920 Thread 0x0000000016df0000 Exception <a 'java/security/PrivilegedActionException'> (0x00000000eb7dc230) thrown at [D:\re\workspace\8-2-build-windows-amd64-cygwin\jdk8u5\2488\hotspot\src\share\vm\prims\jvm.cpp, line 1248]
Event: 8.156 Thread 0x0000000016df0000 Exception <a 'java/security/PrivilegedActionException'> (0x00000000eab0d458) thrown at [D:\re\workspace\8-2-build-windows-amd64-cygwin\jdk8u5\2488\hotspot\src\share\vm\prims\jvm.cpp, line 1248]
Event: 8.167 Thread 0x0000000016df0000 Exception <a 'java/security/PrivilegedActionException'> (0x00000000eab13070) thrown at [D:\re\workspace\8-2-build-windows-amd64-cygwin\jdk8u5\2488\hotspot\src\share\vm\prims\jvm.cpp, line 1248]
Event: 8.210 Thread 0x0000000016df0000 Exception <a 'java/security/PrivilegedActionException'> (0x00000000eab25900) thrown at [D:\re\workspace\8-2-build-windows-amd64-cygwin\jdk8u5\2488\hotspot\src\share\vm\prims\jvm.cpp, line 1248]

Events (10 events):
Event: 8.324 loading class sun/security/provider/DigestBase done
Event: 8.324 loading class sun/security/provider/SHA done
Event: 8.325 loading class sun/security/jca/GetInstance$Instance
Event: 8.325 loading class sun/security/jca/GetInstance$Instance done
Event: 8.325 loading class java/security/MessageDigest$Delegate
Event: 8.325 loading class java/security/MessageDigest$Delegate done
Event: 8.325 loading class sun/security/provider/ByteArrayAccess
Event: 8.325 loading class sun/security/provider/ByteArrayAccess done
Event: 8.389 loading class java/util/zip/Adler32
Event: 8.389 loading class java/util/zip/Adler32 done


Dynamic libraries:
0x00007ff76f6a0000 - 0x00007ff76f6d4000 	C:\Program Files\Java\jdk1.8.0_05\bin\java.exe
0x00007ffe6db50000 - 0x00007ffe6dd11000 	C:\WINDOWS\SYSTEM32\ntdll.dll
0x00007ffe6d210000 - 0x00007ffe6d2bd000 	C:\WINDOWS\system32\KERNEL32.DLL
0x00007ffe6aab0000 - 0x00007ffe6ac98000 	C:\WINDOWS\system32\KERNELBASE.dll
0x00007ffe6b5e0000 - 0x00007ffe6b687000 	C:\WINDOWS\system32\ADVAPI32.dll
0x00007ffe6d980000 - 0x00007ffe6da1d000 	C:\WINDOWS\system32\msvcrt.dll
0x00007ffe6d000000 - 0x00007ffe6d05b000 	C:\WINDOWS\system32\sechost.dll
0x00007ffe6da30000 - 0x00007ffe6db4c000 	C:\WINDOWS\system32\RPCRT4.dll
0x00007ffe6cd80000 - 0x00007ffe6ced6000 	C:\WINDOWS\system32\USER32.dll
0x00007ffe6b690000 - 0x00007ffe6b816000 	C:\WINDOWS\system32\GDI32.dll
0x00007ffe5d390000 - 0x00007ffe5d604000 	C:\WINDOWS\WinSxS\amd64_microsoft.windows.common-controls_6595b64144ccf1df_6.0.10586.589_none_a2ddb3caa539acce\COMCTL32.dll
0x00007ffe6b270000 - 0x00007ffe6b4ed000 	C:\WINDOWS\system32\combase.dll
0x00007ffe6acf0000 - 0x00007ffe6ad5a000 	C:\WINDOWS\system32\bcryptPrimitives.dll
0x00007ffe6b4f0000 - 0x00007ffe6b52b000 	C:\WINDOWS\system32\IMM32.DLL
0x000000005ea00000 - 0x000000005ead2000 	C:\Program Files\Java\jdk1.8.0_05\jre\bin\msvcr100.dll
0x000000005e1d0000 - 0x000000005e9fa000 	C:\Program Files\Java\jdk1.8.0_05\jre\bin\server\jvm.dll
0x00007ffe6cff0000 - 0x00007ffe6cff8000 	C:\WINDOWS\system32\PSAPI.DLL
0x00007ffe49240000 - 0x00007ffe49249000 	C:\WINDOWS\SYSTEM32\WSOCK32.dll
0x00007ffe6af50000 - 0x00007ffe6afbb000 	C:\WINDOWS\system32\WS2_32.dll
0x00007ffe683c0000 - 0x00007ffe683e3000 	C:\WINDOWS\SYSTEM32\WINMM.dll
0x00007ffe68390000 - 0x00007ffe683bc000 	C:\WINDOWS\SYSTEM32\WINMMBASE.dll
0x00007ffe6aca0000 - 0x00007ffe6ace3000 	C:\WINDOWS\system32\cfgmgr32.dll
0x000000005e1c0000 - 0x000000005e1cf000 	C:\Program Files\Java\jdk1.8.0_05\jre\bin\verify.dll
0x000000005e190000 - 0x000000005e1b8000 	C:\Program Files\Java\jdk1.8.0_05\jre\bin\java.dll
0x000000005e170000 - 0x000000005e186000 	C:\Program Files\Java\jdk1.8.0_05\jre\bin\zip.dll
0x00007ffe6b820000 - 0x00007ffe6cd7c000 	C:\WINDOWS\system32\SHELL32.dll
0x00007ffe6a200000 - 0x00007ffe6a845000 	C:\WINDOWS\system32\windows.storage.dll
0x00007ffe6d770000 - 0x00007ffe6d7c2000 	C:\WINDOWS\system32\shlwapi.dll
0x00007ffe6a170000 - 0x00007ffe6a17f000 	C:\WINDOWS\system32\kernel.appcore.dll
0x00007ffe6ad60000 - 0x00007ffe6ae15000 	C:\WINDOWS\system32\shcore.dll
0x00007ffe6a1b0000 - 0x00007ffe6a1fb000 	C:\WINDOWS\system32\powrprof.dll
0x00007ffe6a190000 - 0x00007ffe6a1a4000 	C:\WINDOWS\system32\profapi.dll

VM Arguments:
jvm_args: -Djava.awt.headless=true -Xmx1024M -Dfile.encoding=windows-1252 -Duser.country=ES -Duser.language=es -Duser.variant 
java_command: com.android.dx.command.Main --dex --force-jumbo --num-threads=4 --multi-dex --output C:\Users\Randall\Desktop\ReadIt\app\build\intermediates\transforms\dex\debug\folders\1000\10\com.google.firebase-firebase-config-9.6.1_e1f44c56ccfb5e3b85d8bf4f969ff946f66a88e7 C:\Users\Randall\Desktop\ReadIt\app\build\intermediates\exploded-aar\com.google.firebase\firebase-config\9.6.1\jars\classes.jar
java_class_path (initial): C:\Users\Randall\AppData\Local\Android\sdk\build-tools\24.0.3\lib\dx.jar
Launcher Type: SUN_STANDARD

Environment Variables:
PATH=C:\Program Files\Java\jdk1.8.0_05\bin;C:\ProgramData\Oracle\Java\javapath;C:\WINDOWS\system32;C:\WINDOWS;C:\WINDOWS\System32\Wbem;C:\WINDOWS\System32\WindowsPowerShell\v1.0\;C:\Program Files\Microsoft SQL Server\110\Tools\Binn\;C:\Program Files\Microsoft SQL Server\120\DTS\Binn\;C:\Program Files\Microsoft SQL Server\Client SDK\ODBC\110\Tools\Binn\;C:\Program Files (x86)\Microsoft SQL Server\120\Tools\Binn\;C:\Program Files\Microsoft SQL Server\120\Tools\Binn\;C:\Program Files (x86)\Microsoft SQL Server\120\Tools\Binn\ManagementStudio\;C:\Program Files (x86)\Microsoft SQL Server\120\DTS\Binn\;C:\Program Files (x86)\Intel\OpenCL SDK\2.0\bin\x86;C:\Program Files (x86)\Intel\OpenCL SDK\2.0\bin\x64;C:\Program Files\Microsoft\Web Platform Installer\;C:\Users\Randall\AppData\Local\Code\bin;C:\Users\Randall\Desktop\Arduinocosas\;C:\Program Files\Intel\WiFi\bin\;C:\Program Files\Common Files\Intel\WirelessCommon\;C:\Program Files\Git\cmd;C:\gradle-2.9\bin;C:\Program Files (x86)\Skype\Phone\;C:\Ruby22\bin;C:\Python27\;C:\Python27\Scripts;C:\WINDOWS\Microsoft.NET\Framework\v3.5;C:\Users\Randall\Desktop\Arduinocosas\;C:\Program Files\Intel\WiFi\bin\;C:\Program Files\Common Files\Intel\WirelessCommon\;C:\Program Files (x86)\Microsoft VS Code\bin
USERNAME=Randall
OS=Windows_NT
PROCESSOR_IDENTIFIER=Intel64 Family 6 Model 42 Stepping 7, GenuineIntel



---------------  S Y S T E M  ---------------

OS: Windows 8.1 , 64 bit Build 9600 

CPU:total 4 (2 cores per cpu, 2 threads per core) family 6 model 42 stepping 7, cmov, cx8, fxsr, mmx, sse, sse2, sse3, ssse3, sse4.1, sse4.2, popcnt, avx, aes, clmul, ht, tsc, tscinvbit

Memory: 4k page, physical 8297216k(435148k free), swap 9345792k(5292k free)

vm_info: Java HotSpot(TM) 64-Bit Server VM (25.5-b02) for windows-amd64 JRE (1.8.0_05-b13), built on Mar 18 2014 01:08:39 by "java_re" with MS VC++ 10.0 (VS2010)

time: Thu Sep 29 22:16:31 2016
elapsed time: 8 seconds

